{"/Users/davidedelhart/Documents/repos/collect-table/dist/index.js":{"path":"/Users/davidedelhart/Documents/repos/collect-table/dist/index.js","statementMap":{"0":{"start":{"line":1,"column":25},"end":{"line":1,"column":653}},"1":{"start":{"line":1,"column":92},"end":{"line":1,"column":207}},"2":{"start":{"line":1,"column":232},"end":{"line":1,"column":341}},"3":{"start":{"line":1,"column":366},"end":{"line":1,"column":413}},"4":{"start":{"line":1,"column":438},"end":{"line":1,"column":502}},"5":{"start":{"line":1,"column":560},"end":{"line":1,"column":568}},"6":{"start":{"line":1,"column":585},"end":{"line":1,"column":593}},"7":{"start":{"line":1,"column":613},"end":{"line":1,"column":621}},"8":{"start":{"line":1,"column":641},"end":{"line":1,"column":649}},"9":{"start":{"line":1,"column":661},"end":{"line":1,"column":677}},"10":{"start":{"line":1,"column":692},"end":{"line":1,"column":714}},"11":{"start":{"line":1,"column":702},"end":{"line":1,"column":714}},"12":{"start":{"line":1,"column":729},"end":{"line":1,"column":758}},"13":{"start":{"line":1,"column":773},"end":{"line":1,"column":806}},"14":{"start":{"line":1,"column":807},"end":{"line":1,"column":848}},"15":{"start":{"line":1,"column":856},"end":{"line":1,"column":867}},"16":{"start":{"line":1,"column":887},"end":{"line":1,"column":927}},"17":{"start":{"line":1,"column":936},"end":{"line":1,"column":955}},"18":{"start":{"line":1,"column":939},"end":{"line":1,"column":955}},"19":{"start":{"line":1,"column":975},"end":{"line":1,"column":1023}},"20":{"start":{"line":1,"column":1032},"end":{"line":1,"column":1045}},"21":{"start":{"line":1,"column":1048},"end":{"line":1,"column":1059}},"22":{"start":{"line":1,"column":1062},"end":{"line":1,"column":1159}},"23":{"start":{"line":1,"column":1073},"end":{"line":1,"column":1158}},"24":{"start":{"line":1,"column":1162},"end":{"line":1,"column":1176}},"25":{"start":{"line":1,"column":1179},"end":{"line":1,"column":1632}},"26":{"start":{"line":1,"column":1367},"end":{"line":1,"column":1384}},"27":{"start":{"line":1,"column":1416},"end":{"line":1,"column":1432}},"28":{"start":{"line":1,"column":1514},"end":{"line":1,"column":1548}},"29":{"start":{"line":1,"column":1618},"end":{"line":1,"column":1620}},"30":{"start":{"line":1,"column":1647},"end":{"line":1,"column":1726}},"31":{"start":{"line":1,"column":1657},"end":{"line":1,"column":1658}},"32":{"start":{"line":1,"column":1684},"end":{"line":1,"column":1688}},"33":{"start":{"line":1,"column":1689},"end":{"line":1,"column":1725}},"34":{"start":{"line":1,"column":1712},"end":{"line":1,"column":1725}},"35":{"start":{"line":1,"column":1726},"end":{"line":1,"column":1741}},"36":{"start":{"line":1,"column":1756},"end":{"line":1,"column":1810}},"37":{"start":{"line":1,"column":1825},"end":{"line":1,"column":1953}},"38":{"start":{"line":1,"column":1835},"end":{"line":1,"column":1836}},"39":{"start":{"line":1,"column":1862},"end":{"line":1,"column":1866}},"40":{"start":{"line":1,"column":1867},"end":{"line":1,"column":1952}},"41":{"start":{"line":1,"column":1880},"end":{"line":1,"column":1952}},"42":{"start":{"line":1,"column":1884},"end":{"line":1,"column":1910}},"43":{"start":{"line":1,"column":1897},"end":{"line":1,"column":1910}},"44":{"start":{"line":1,"column":1920},"end":{"line":1,"column":1951}},"45":{"start":{"line":1,"column":1953},"end":{"line":1,"column":1964}},"46":{"start":{"line":1,"column":1971},"end":{"line":1,"column":2113}},"47":{"start":{"line":1,"column":2116},"end":{"line":1,"column":2128}},"48":{"start":{"line":1,"column":2129},"end":{"line":1,"column":10594}},"49":{"start":{"line":1,"column":2150},"end":{"line":1,"column":2177}},"50":{"start":{"line":1,"column":2180},"end":{"line":1,"column":2196}},"51":{"start":{"line":1,"column":2199},"end":{"line":1,"column":2219}},"52":{"start":{"line":1,"column":2222},"end":{"line":1,"column":2240}},"53":{"start":{"line":1,"column":2243},"end":{"line":1,"column":2258}},"54":{"start":{"line":1,"column":2261},"end":{"line":1,"column":2280}},"55":{"start":{"line":1,"column":2283},"end":{"line":1,"column":2311}},"56":{"start":{"line":1,"column":2314},"end":{"line":1,"column":2328}},"57":{"start":{"line":1,"column":2331},"end":{"line":1,"column":2348}},"58":{"start":{"line":1,"column":2351},"end":{"line":1,"column":2368}},"59":{"start":{"line":1,"column":2371},"end":{"line":1,"column":2389}},"60":{"start":{"line":1,"column":2392},"end":{"line":1,"column":2409}},"61":{"start":{"line":1,"column":2412},"end":{"line":1,"column":2426}},"62":{"start":{"line":1,"column":2429},"end":{"line":1,"column":2446}},"63":{"start":{"line":1,"column":2449},"end":{"line":1,"column":2466}},"64":{"start":{"line":1,"column":2469},"end":{"line":1,"column":2487}},"65":{"start":{"line":1,"column":2490},"end":{"line":1,"column":2512}},"66":{"start":{"line":1,"column":2515},"end":{"line":1,"column":2534}},"67":{"start":{"line":1,"column":2537},"end":{"line":1,"column":2560}},"68":{"start":{"line":1,"column":2563},"end":{"line":1,"column":2586}},"69":{"start":{"line":1,"column":2589},"end":{"line":1,"column":2609}},"70":{"start":{"line":1,"column":2612},"end":{"line":1,"column":2633}},"71":{"start":{"line":1,"column":2636},"end":{"line":1,"column":2657}},"72":{"start":{"line":1,"column":2660},"end":{"line":1,"column":2681}},"73":{"start":{"line":1,"column":2684},"end":{"line":1,"column":2712}},"74":{"start":{"line":1,"column":2715},"end":{"line":1,"column":2737}},"75":{"start":{"line":1,"column":2740},"end":{"line":1,"column":2762}},"76":{"start":{"line":1,"column":2765},"end":{"line":1,"column":2771}},"77":{"start":{"line":1,"column":2774},"end":{"line":1,"column":2803}},"78":{"start":{"line":1,"column":2806},"end":{"line":1,"column":2824}},"79":{"start":{"line":1,"column":2827},"end":{"line":1,"column":2829}},"80":{"start":{"line":1,"column":2830},"end":{"line":1,"column":2991}},"81":{"start":{"line":1,"column":2997},"end":{"line":1,"column":3040}},"82":{"start":{"line":1,"column":3043},"end":{"line":1,"column":3098}},"83":{"start":{"line":1,"column":3101},"end":{"line":1,"column":3132}},"84":{"start":{"line":1,"column":3135},"end":{"line":1,"column":3152}},"85":{"start":{"line":1,"column":3155},"end":{"line":1,"column":3175}},"86":{"start":{"line":1,"column":3178},"end":{"line":1,"column":3194}},"87":{"start":{"line":1,"column":3211},"end":{"line":1,"column":3236}},"88":{"start":{"line":1,"column":3253},"end":{"line":1,"column":3270}},"89":{"start":{"line":1,"column":3297},"end":{"line":1,"column":3299}},"90":{"start":{"line":1,"column":3302},"end":{"line":1,"column":3314}},"91":{"start":{"line":1,"column":3315},"end":{"line":1,"column":3359}},"92":{"start":{"line":1,"column":3343},"end":{"line":1,"column":3359}},"93":{"start":{"line":1,"column":3359},"end":{"line":1,"column":3367}},"94":{"start":{"line":1,"column":3388},"end":{"line":1,"column":3390}},"95":{"start":{"line":1,"column":3391},"end":{"line":1,"column":3458}},"96":{"start":{"line":1,"column":3433},"end":{"line":1,"column":3458}},"97":{"start":{"line":1,"column":3437},"end":{"line":1,"column":3447}},"98":{"start":{"line":1,"column":3458},"end":{"line":1,"column":3466}},"99":{"start":{"line":1,"column":3487},"end":{"line":1,"column":3489}},"100":{"start":{"line":1,"column":3492},"end":{"line":1,"column":3505}},"101":{"start":{"line":1,"column":3506},"end":{"line":1,"column":3555}},"102":{"start":{"line":1,"column":3538},"end":{"line":1,"column":3550}},"103":{"start":{"line":1,"column":3572},"end":{"line":1,"column":3606}},"104":{"start":{"line":1,"column":3591},"end":{"line":1,"column":3605}},"105":{"start":{"line":1,"column":3627},"end":{"line":1,"column":3629}},"106":{"start":{"line":1,"column":3632},"end":{"line":1,"column":3645}},"107":{"start":{"line":1,"column":3646},"end":{"line":1,"column":3689}},"108":{"start":{"line":1,"column":3676},"end":{"line":1,"column":3684}},"109":{"start":{"line":1,"column":3698},"end":{"line":1,"column":3713}},"110":{"start":{"line":1,"column":3716},"end":{"line":1,"column":3734}},"111":{"start":{"line":1,"column":3737},"end":{"line":1,"column":3753}},"112":{"start":{"line":1,"column":3756},"end":{"line":1,"column":3779}},"113":{"start":{"line":1,"column":3782},"end":{"line":1,"column":3853}},"114":{"start":{"line":1,"column":3856},"end":{"line":1,"column":3866}},"115":{"start":{"line":1,"column":3870},"end":{"line":1,"column":3886}},"116":{"start":{"line":1,"column":3890},"end":{"line":1,"column":3900}},"117":{"start":{"line":1,"column":3904},"end":{"line":1,"column":4042}},"118":{"start":{"line":1,"column":4046},"end":{"line":1,"column":4063}},"119":{"start":{"line":1,"column":4067},"end":{"line":1,"column":4075}},"120":{"start":{"line":1,"column":4079},"end":{"line":1,"column":4091}},"121":{"start":{"line":1,"column":4095},"end":{"line":1,"column":4126}},"122":{"start":{"line":1,"column":4130},"end":{"line":1,"column":4143}},"123":{"start":{"line":1,"column":4147},"end":{"line":1,"column":4169}},"124":{"start":{"line":1,"column":4173},"end":{"line":1,"column":4181}},"125":{"start":{"line":1,"column":4185},"end":{"line":1,"column":4213}},"126":{"start":{"line":1,"column":4217},"end":{"line":1,"column":4238}},"127":{"start":{"line":1,"column":4242},"end":{"line":1,"column":4263}},"128":{"start":{"line":1,"column":4267},"end":{"line":1,"column":4283}},"129":{"start":{"line":1,"column":4287},"end":{"line":1,"column":4298}},"130":{"start":{"line":1,"column":4302},"end":{"line":1,"column":4317}},"131":{"start":{"line":1,"column":4321},"end":{"line":1,"column":4332}},"132":{"start":{"line":1,"column":4336},"end":{"line":1,"column":4351}},"133":{"start":{"line":1,"column":4355},"end":{"line":1,"column":4374}},"134":{"start":{"line":1,"column":4378},"end":{"line":1,"column":4384}},"135":{"start":{"line":1,"column":4388},"end":{"line":1,"column":4394}},"136":{"start":{"line":1,"column":4398},"end":{"line":1,"column":4404}},"137":{"start":{"line":1,"column":4408},"end":{"line":1,"column":4414}},"138":{"start":{"line":1,"column":4418},"end":{"line":1,"column":4424}},"139":{"start":{"line":1,"column":4428},"end":{"line":1,"column":4450}},"140":{"start":{"line":1,"column":4454},"end":{"line":1,"column":4474}},"141":{"start":{"line":1,"column":4496},"end":{"line":1,"column":4498}},"142":{"start":{"line":1,"column":4501},"end":{"line":1,"column":4513}},"143":{"start":{"line":1,"column":4514},"end":{"line":1,"column":4570}},"144":{"start":{"line":1,"column":4545},"end":{"line":1,"column":4549}},"145":{"start":{"line":1,"column":4550},"end":{"line":1,"column":4569}},"146":{"start":{"line":1,"column":4592},"end":{"line":1,"column":4594}},"147":{"start":{"line":1,"column":4597},"end":{"line":1,"column":4609}},"148":{"start":{"line":1,"column":4610},"end":{"line":1,"column":4666}},"149":{"start":{"line":1,"column":4641},"end":{"line":1,"column":4645}},"150":{"start":{"line":1,"column":4646},"end":{"line":1,"column":4665}},"151":{"start":{"line":1,"column":4688},"end":{"line":1,"column":4690}},"152":{"start":{"line":1,"column":4693},"end":{"line":1,"column":4705}},"153":{"start":{"line":1,"column":4706},"end":{"line":1,"column":4762}},"154":{"start":{"line":1,"column":4737},"end":{"line":1,"column":4741}},"155":{"start":{"line":1,"column":4742},"end":{"line":1,"column":4761}},"156":{"start":{"line":1,"column":4778},"end":{"line":1,"column":4801}},"157":{"start":{"line":1,"column":4827},"end":{"line":1,"column":4831}},"158":{"start":{"line":1,"column":4832},"end":{"line":1,"column":4885}},"159":{"start":{"line":1,"column":4903},"end":{"line":1,"column":4953}},"160":{"start":{"line":1,"column":4913},"end":{"line":1,"column":4921}},"161":{"start":{"line":1,"column":4927},"end":{"line":1,"column":4953}},"162":{"start":{"line":1,"column":4944},"end":{"line":1,"column":4953}},"163":{"start":{"line":1,"column":4953},"end":{"line":1,"column":4961}},"164":{"start":{"line":1,"column":4995},"end":{"line":1,"column":5043}},"165":{"start":{"line":1,"column":5034},"end":{"line":1,"column":5043}},"166":{"start":{"line":1,"column":5043},"end":{"line":1,"column":5062}},"167":{"start":{"line":1,"column":5053},"end":{"line":1,"column":5062}},"168":{"start":{"line":1,"column":5068},"end":{"line":1,"column":5073}},"169":{"start":{"line":1,"column":5074},"end":{"line":1,"column":6484}},"170":{"start":{"line":1,"column":5080},"end":{"line":1,"column":5319}},"171":{"start":{"line":1,"column":5103},"end":{"line":1,"column":5111}},"172":{"start":{"line":1,"column":5114},"end":{"line":1,"column":5130}},"173":{"start":{"line":1,"column":5131},"end":{"line":1,"column":5219}},"174":{"start":{"line":1,"column":5227},"end":{"line":1,"column":5319}},"175":{"start":{"line":1,"column":5254},"end":{"line":1,"column":5256}},"176":{"start":{"line":1,"column":5259},"end":{"line":1,"column":5267}},"177":{"start":{"line":1,"column":5268},"end":{"line":1,"column":5305}},"178":{"start":{"line":1,"column":5295},"end":{"line":1,"column":5305}},"179":{"start":{"line":1,"column":5305},"end":{"line":1,"column":5313}},"180":{"start":{"line":1,"column":5331},"end":{"line":1,"column":5336}},"181":{"start":{"line":1,"column":5339},"end":{"line":1,"column":5349}},"182":{"start":{"line":1,"column":5350},"end":{"line":1,"column":5461}},"183":{"start":{"line":1,"column":5359},"end":{"line":1,"column":5461}},"184":{"start":{"line":1,"column":5380},"end":{"line":1,"column":5402}},"185":{"start":{"line":1,"column":5385},"end":{"line":1,"column":5402}},"186":{"start":{"line":1,"column":5408},"end":{"line":1,"column":5435}},"187":{"start":{"line":1,"column":5436},"end":{"line":1,"column":5454}},"188":{"start":{"line":1,"column":5461},"end":{"line":1,"column":6483}},"189":{"start":{"line":1,"column":5483},"end":{"line":1,"column":5505}},"190":{"start":{"line":1,"column":5491},"end":{"line":1,"column":5505}},"191":{"start":{"line":1,"column":5505},"end":{"line":1,"column":5699}},"192":{"start":{"line":1,"column":5522},"end":{"line":1,"column":5592}},"193":{"start":{"line":1,"column":5610},"end":{"line":1,"column":5699}},"194":{"start":{"line":1,"column":5631},"end":{"line":1,"column":5651}},"195":{"start":{"line":1,"column":5669},"end":{"line":1,"column":5692}},"196":{"start":{"line":1,"column":5705},"end":{"line":1,"column":5728}},"197":{"start":{"line":1,"column":5714},"end":{"line":1,"column":5728}},"198":{"start":{"line":1,"column":5728},"end":{"line":1,"column":6482}},"199":{"start":{"line":1,"column":5756},"end":{"line":1,"column":5769}},"200":{"start":{"line":1,"column":5770},"end":{"line":1,"column":6471}},"201":{"start":{"line":1,"column":5787},"end":{"line":1,"column":5800}},"202":{"start":{"line":1,"column":5814},"end":{"line":1,"column":5831}},"203":{"start":{"line":1,"column":5838},"end":{"line":1,"column":5949}},"204":{"start":{"line":1,"column":5865},"end":{"line":1,"column":5888}},"205":{"start":{"line":1,"column":5889},"end":{"line":1,"column":5942}},"206":{"start":{"line":1,"column":6012},"end":{"line":1,"column":6119}},"207":{"start":{"line":1,"column":6039},"end":{"line":1,"column":6062}},"208":{"start":{"line":1,"column":6063},"end":{"line":1,"column":6112}},"209":{"start":{"line":1,"column":6126},"end":{"line":1,"column":6205}},"210":{"start":{"line":1,"column":6149},"end":{"line":1,"column":6196}},"211":{"start":{"line":1,"column":6219},"end":{"line":1,"column":6235}},"212":{"start":{"line":1,"column":6242},"end":{"line":1,"column":6342}},"213":{"start":{"line":1,"column":6267},"end":{"line":1,"column":6304}},"214":{"start":{"line":1,"column":6305},"end":{"line":1,"column":6337}},"215":{"start":{"line":1,"column":6349},"end":{"line":1,"column":6428}},"216":{"start":{"line":1,"column":6372},"end":{"line":1,"column":6419}},"217":{"start":{"line":1,"column":6435},"end":{"line":1,"column":6470}},"218":{"start":{"line":1,"column":6484},"end":{"line":1,"column":6498}},"219":{"start":{"line":1,"column":6504},"end":{"line":1,"column":6512}},"220":{"start":{"line":1,"column":6513},"end":{"line":1,"column":6527}},"221":{"start":{"line":1,"column":6518},"end":{"line":1,"column":6527}},"222":{"start":{"line":1,"column":6527},"end":{"line":1,"column":6719}},"223":{"start":{"line":1,"column":6550},"end":{"line":1,"column":6718}},"224":{"start":{"line":1,"column":6564},"end":{"line":1,"column":6708}},"225":{"start":{"line":1,"column":6593},"end":{"line":1,"column":6597}},"226":{"start":{"line":1,"column":6598},"end":{"line":1,"column":6698}},"227":{"start":{"line":1,"column":6627},"end":{"line":1,"column":6681}},"228":{"start":{"line":1,"column":6637},"end":{"line":1,"column":6639}},"229":{"start":{"line":1,"column":6642},"end":{"line":1,"column":6650}},"230":{"start":{"line":1,"column":6653},"end":{"line":1,"column":6661}},"231":{"start":{"line":1,"column":6669},"end":{"line":1,"column":6681}},"232":{"start":{"line":1,"column":6681},"end":{"line":1,"column":6689}},"233":{"start":{"line":1,"column":6719},"end":{"line":1,"column":6858}},"234":{"start":{"line":1,"column":6740},"end":{"line":1,"column":6792}},"235":{"start":{"line":1,"column":6750},"end":{"line":1,"column":6752}},"236":{"start":{"line":1,"column":6755},"end":{"line":1,"column":6767}},"237":{"start":{"line":1,"column":6814},"end":{"line":1,"column":6853}},"238":{"start":{"line":1,"column":6880},"end":{"line":1,"column":6911}},"239":{"start":{"line":1,"column":6912},"end":{"line":1,"column":6945}},"240":{"start":{"line":1,"column":6967},"end":{"line":1,"column":6977}},"241":{"start":{"line":1,"column":6977},"end":{"line":1,"column":7076}},"242":{"start":{"line":1,"column":6987},"end":{"line":1,"column":6989}},"243":{"start":{"line":1,"column":6992},"end":{"line":1,"column":7000}},"244":{"start":{"line":1,"column":7015},"end":{"line":1,"column":7019}},"245":{"start":{"line":1,"column":7022},"end":{"line":1,"column":7049}},"246":{"start":{"line":1,"column":7050},"end":{"line":1,"column":7075}},"247":{"start":{"line":1,"column":7076},"end":{"line":1,"column":7084}},"248":{"start":{"line":1,"column":7112},"end":{"line":1,"column":7122}},"249":{"start":{"line":1,"column":7123},"end":{"line":1,"column":7265}},"250":{"start":{"line":1,"column":7289},"end":{"line":1,"column":7335}},"251":{"start":{"line":1,"column":7303},"end":{"line":1,"column":7329}},"252":{"start":{"line":1,"column":7336},"end":{"line":1,"column":7438}},"253":{"start":{"line":1,"column":7355},"end":{"line":1,"column":7420}},"254":{"start":{"line":1,"column":7439},"end":{"line":1,"column":9020}},"255":{"start":{"line":1,"column":7469},"end":{"line":1,"column":7497}},"256":{"start":{"line":1,"column":7531},"end":{"line":1,"column":7574}},"257":{"start":{"line":1,"column":7611},"end":{"line":1,"column":7624}},"258":{"start":{"line":1,"column":7625},"end":{"line":1,"column":7665}},"259":{"start":{"line":1,"column":7638},"end":{"line":1,"column":7642}},"260":{"start":{"line":1,"column":7643},"end":{"line":1,"column":7664}},"261":{"start":{"line":1,"column":7665},"end":{"line":1,"column":7696}},"262":{"start":{"line":1,"column":7733},"end":{"line":1,"column":7746}},"263":{"start":{"line":1,"column":7747},"end":{"line":1,"column":7783}},"264":{"start":{"line":1,"column":7816},"end":{"line":1,"column":7863}},"265":{"start":{"line":1,"column":7895},"end":{"line":1,"column":7911}},"266":{"start":{"line":1,"column":7951},"end":{"line":1,"column":7964}},"267":{"start":{"line":1,"column":7967},"end":{"line":1,"column":7974}},"268":{"start":{"line":1,"column":7975},"end":{"line":1,"column":8029}},"269":{"start":{"line":1,"column":8066},"end":{"line":1,"column":8079}},"270":{"start":{"line":1,"column":8082},"end":{"line":1,"column":8089}},"271":{"start":{"line":1,"column":8090},"end":{"line":1,"column":8115}},"272":{"start":{"line":1,"column":8146},"end":{"line":1,"column":8175}},"273":{"start":{"line":1,"column":8214},"end":{"line":1,"column":8227}},"274":{"start":{"line":1,"column":8230},"end":{"line":1,"column":8237}},"275":{"start":{"line":1,"column":8238},"end":{"line":1,"column":8277}},"276":{"start":{"line":1,"column":8309},"end":{"line":1,"column":8366}},"277":{"start":{"line":1,"column":8400},"end":{"line":1,"column":8427}},"278":{"start":{"line":1,"column":8458},"end":{"line":1,"column":8482}},"279":{"start":{"line":1,"column":8513},"end":{"line":1,"column":8537}},"280":{"start":{"line":1,"column":8570},"end":{"line":1,"column":8601}},"281":{"start":{"line":1,"column":8633},"end":{"line":1,"column":8653}},"282":{"start":{"line":1,"column":8687},"end":{"line":1,"column":8717}},"283":{"start":{"line":1,"column":8748},"end":{"line":1,"column":8775}},"284":{"start":{"line":1,"column":8806},"end":{"line":1,"column":8833}},"285":{"start":{"line":1,"column":8872},"end":{"line":1,"column":8885}},"286":{"start":{"line":1,"column":8886},"end":{"line":1,"column":8996}},"287":{"start":{"line":1,"column":8912},"end":{"line":1,"column":8922}},"288":{"start":{"line":1,"column":8923},"end":{"line":1,"column":8970}},"289":{"start":{"line":1,"column":8944},"end":{"line":1,"column":8970}},"290":{"start":{"line":1,"column":8970},"end":{"line":1,"column":8995}},"291":{"start":{"line":1,"column":8996},"end":{"line":1,"column":9018}},"292":{"start":{"line":1,"column":9027},"end":{"line":1,"column":9063}},"293":{"start":{"line":1,"column":9054},"end":{"line":1,"column":9062}},"294":{"start":{"line":1,"column":9067},"end":{"line":1,"column":9097}},"295":{"start":{"line":1,"column":9079},"end":{"line":1,"column":9096}},"296":{"start":{"line":1,"column":9115},"end":{"line":1,"column":9190}},"297":{"start":{"line":1,"column":9212},"end":{"line":1,"column":9228}},"298":{"start":{"line":1,"column":9229},"end":{"line":1,"column":9278}},"299":{"start":{"line":1,"column":9294},"end":{"line":1,"column":9364}},"300":{"start":{"line":1,"column":9306},"end":{"line":1,"column":9337}},"301":{"start":{"line":1,"column":9310},"end":{"line":1,"column":9326}},"302":{"start":{"line":1,"column":9337},"end":{"line":1,"column":9363}},"303":{"start":{"line":1,"column":9341},"end":{"line":1,"column":9352}},"304":{"start":{"line":1,"column":9364},"end":{"line":1,"column":9372}},"305":{"start":{"line":1,"column":9390},"end":{"line":1,"column":9414}},"306":{"start":{"line":1,"column":9415},"end":{"line":1,"column":9727}},"307":{"start":{"line":1,"column":9560},"end":{"line":1,"column":9570}},"308":{"start":{"line":1,"column":9573},"end":{"line":1,"column":9598}},"309":{"start":{"line":1,"column":9601},"end":{"line":1,"column":9615}},"310":{"start":{"line":1,"column":9616},"end":{"line":1,"column":9716}},"311":{"start":{"line":1,"column":9621},"end":{"line":1,"column":9716}},"312":{"start":{"line":1,"column":9639},"end":{"line":1,"column":9648}},"313":{"start":{"line":1,"column":9656},"end":{"line":1,"column":9665}},"314":{"start":{"line":1,"column":9673},"end":{"line":1,"column":9682}},"315":{"start":{"line":1,"column":9690},"end":{"line":1,"column":9699}},"316":{"start":{"line":1,"column":9707},"end":{"line":1,"column":9715}},"317":{"start":{"line":1,"column":9716},"end":{"line":1,"column":9724}},"318":{"start":{"line":1,"column":9734},"end":{"line":1,"column":9747}},"319":{"start":{"line":1,"column":9763},"end":{"line":1,"column":9854}},"320":{"start":{"line":1,"column":9791},"end":{"line":1,"column":9835}},"321":{"start":{"line":1,"column":9862},"end":{"line":1,"column":9886}},"322":{"start":{"line":1,"column":9877},"end":{"line":1,"column":9885}},"323":{"start":{"line":1,"column":9908},"end":{"line":1,"column":9927}},"324":{"start":{"line":1,"column":9928},"end":{"line":1,"column":9945}},"325":{"start":{"line":1,"column":9967},"end":{"line":1,"column":9975}},"326":{"start":{"line":1,"column":9976},"end":{"line":1,"column":10015}},"327":{"start":{"line":1,"column":10031},"end":{"line":1,"column":10537}},"328":{"start":{"line":1,"column":10064},"end":{"line":1,"column":10314}},"329":{"start":{"line":1,"column":10083},"end":{"line":1,"column":10225}},"330":{"start":{"line":1,"column":10102},"end":{"line":1,"column":10161}},"331":{"start":{"line":1,"column":10121},"end":{"line":1,"column":10150}},"332":{"start":{"line":1,"column":10244},"end":{"line":1,"column":10285}},"333":{"start":{"line":1,"column":10254},"end":{"line":1,"column":10256}},"334":{"start":{"line":1,"column":10259},"end":{"line":1,"column":10267}},"335":{"start":{"line":1,"column":10275},"end":{"line":1,"column":10285}},"336":{"start":{"line":1,"column":10285},"end":{"line":1,"column":10293}},"337":{"start":{"line":1,"column":10317},"end":{"line":1,"column":10325}},"338":{"start":{"line":1,"column":10328},"end":{"line":1,"column":10331}},"339":{"start":{"line":1,"column":10332},"end":{"line":1,"column":10403}},"340":{"start":{"line":1,"column":10347},"end":{"line":1,"column":10403}},"341":{"start":{"line":1,"column":10403},"end":{"line":1,"column":10411}},"342":{"start":{"line":1,"column":10428},"end":{"line":1,"column":10451}},"343":{"start":{"line":1,"column":10438},"end":{"line":1,"column":10451}},"344":{"start":{"line":1,"column":10457},"end":{"line":1,"column":10459}},"345":{"start":{"line":1,"column":10460},"end":{"line":1,"column":10525}},"346":{"start":{"line":1,"column":10483},"end":{"line":1,"column":10525}},"347":{"start":{"line":1,"column":10525},"end":{"line":1,"column":10533}},"348":{"start":{"line":1,"column":10538},"end":{"line":1,"column":10579}},"349":{"start":{"line":1,"column":10560},"end":{"line":1,"column":10578}},"350":{"start":{"line":1,"column":10602},"end":{"line":1,"column":10611}},"351":{"start":{"line":1,"column":10637},"end":{"line":1,"column":10978}},"352":{"start":{"line":1,"column":10659},"end":{"line":1,"column":10664}},"353":{"start":{"line":1,"column":10686},"end":{"line":1,"column":10691}},"354":{"start":{"line":1,"column":10991},"end":{"line":1,"column":11001}},"355":{"start":{"line":1,"column":11010},"end":{"line":1,"column":11021}},"356":{"start":{"line":1,"column":11031},"end":{"line":1,"column":11060}},"357":{"start":{"line":1,"column":11074},"end":{"line":1,"column":11085}},"358":{"start":{"line":1,"column":11094},"end":{"line":1,"column":11113}},"359":{"start":{"line":1,"column":11127},"end":{"line":1,"column":11138}},"360":{"start":{"line":1,"column":11153},"end":{"line":1,"column":11164}},"361":{"start":{"line":1,"column":11175},"end":{"line":1,"column":11186}},"362":{"start":{"line":1,"column":11198},"end":{"line":1,"column":11209}},"363":{"start":{"line":1,"column":11217},"end":{"line":1,"column":11228}},"364":{"start":{"line":1,"column":11240},"end":{"line":1,"column":11248}},"365":{"start":{"line":1,"column":11259},"end":{"line":1,"column":11267}},"366":{"start":{"line":1,"column":11285},"end":{"line":1,"column":11296}},"367":{"start":{"line":1,"column":11309},"end":{"line":1,"column":11320}},"368":{"start":{"line":1,"column":11334},"end":{"line":1,"column":11345}},"369":{"start":{"line":1,"column":11355},"end":{"line":1,"column":11366}},"370":{"start":{"line":1,"column":11375},"end":{"line":1,"column":11386}},"371":{"start":{"line":1,"column":11397},"end":{"line":1,"column":11421}},"372":{"start":{"line":1,"column":11432},"end":{"line":1,"column":11467}},"373":{"start":{"line":1,"column":11479},"end":{"line":1,"column":11515}},"374":{"start":{"line":1,"column":11528},"end":{"line":1,"column":11564}},"375":{"start":{"line":1,"column":11579},"end":{"line":1,"column":11590}},"376":{"start":{"line":1,"column":11606},"end":{"line":1,"column":11617}},"377":{"start":{"line":1,"column":11627},"end":{"line":1,"column":11635}},"378":{"start":{"line":1,"column":11644},"end":{"line":1,"column":11652}},"379":{"start":{"line":1,"column":11700},"end":{"line":1,"column":11711}},"380":{"start":{"line":1,"column":11727},"end":{"line":1,"column":11738}},"381":{"start":{"line":1,"column":11748},"end":{"line":1,"column":11760}},"382":{"start":{"line":1,"column":11755},"end":{"line":1,"column":11760}},"383":{"start":{"line":1,"column":11786},"end":{"line":1,"column":12027}},"384":{"start":{"line":1,"column":12038},"end":{"line":1,"column":12285}},"385":{"start":{"line":1,"column":12062},"end":{"line":1,"column":12285}},"386":{"start":{"line":1,"column":12074},"end":{"line":1,"column":12087}},"387":{"start":{"line":1,"column":12094},"end":{"line":1,"column":12098}},"388":{"start":{"line":1,"column":12099},"end":{"line":1,"column":12178}},"389":{"start":{"line":1,"column":12126},"end":{"line":1,"column":12178}},"390":{"start":{"line":1,"column":12178},"end":{"line":1,"column":12199}},"391":{"start":{"line":1,"column":12209},"end":{"line":1,"column":12284}},"392":{"start":{"line":1,"column":12293},"end":{"line":1,"column":12297}},"393":{"start":{"line":1,"column":12298},"end":{"line":1,"column":12409}},"394":{"start":{"line":1,"column":12315},"end":{"line":1,"column":12409}},"395":{"start":{"line":1,"column":12409},"end":{"line":1,"column":12439}},"396":{"start":{"line":1,"column":12457},"end":{"line":1,"column":12575}},"397":{"start":{"line":1,"column":12461},"end":{"line":1,"column":12512}},"398":{"start":{"line":1,"column":12522},"end":{"line":1,"column":12574}},"399":{"start":{"line":1,"column":12575},"end":{"line":1,"column":12600}},"400":{"start":{"line":1,"column":12611},"end":{"line":1,"column":12645}},"401":{"start":{"line":1,"column":12627},"end":{"line":1,"column":12638}},"402":{"start":{"line":1,"column":12658},"end":{"line":1,"column":12676}},"403":{"start":{"line":1,"column":12693},"end":{"line":1,"column":12762}},"404":{"start":{"line":1,"column":12777},"end":{"line":1,"column":12849}},"405":{"start":{"line":1,"column":12865},"end":{"line":1,"column":12889}},"406":{"start":{"line":1,"column":12906},"end":{"line":1,"column":12972}},"407":{"start":{"line":1,"column":12915},"end":{"line":1,"column":12972}},"408":{"start":{"line":1,"column":12972},"end":{"line":1,"column":12988}},"409":{"start":{"line":1,"column":13005},"end":{"line":1,"column":13030}},"410":{"start":{"line":1,"column":13048},"end":{"line":1,"column":13115}},"411":{"start":{"line":1,"column":13057},"end":{"line":1,"column":13115}},"412":{"start":{"line":1,"column":13115},"end":{"line":1,"column":13132}},"413":{"start":{"line":1,"column":13144},"end":{"line":1,"column":13165}},"414":{"start":{"line":1,"column":13177},"end":{"line":1,"column":13198}},"415":{"start":{"line":1,"column":13207},"end":{"line":1,"column":13238}},"416":{"start":{"line":1,"column":13259},"end":{"line":1,"column":13263}},"417":{"start":{"line":1,"column":13294},"end":{"line":1,"column":13298}},"418":{"start":{"line":1,"column":13299},"end":{"line":1,"column":13440}},"419":{"start":{"line":1,"column":13303},"end":{"line":1,"column":13389}},"420":{"start":{"line":1,"column":13399},"end":{"line":1,"column":13439}},"421":{"start":{"line":1,"column":13440},"end":{"line":1,"column":13448}},"422":{"start":{"line":1,"column":13465},"end":{"line":1,"column":13486}},"423":{"start":{"line":1,"column":13479},"end":{"line":1,"column":13486}},"424":{"start":{"line":1,"column":13495},"end":{"line":1,"column":13507}},"425":{"start":{"line":1,"column":13508},"end":{"line":1,"column":13516}},"426":{"start":{"line":1,"column":13532},"end":{"line":1,"column":13553}},"427":{"start":{"line":1,"column":13546},"end":{"line":1,"column":13553}},"428":{"start":{"line":1,"column":13562},"end":{"line":1,"column":13573}},"429":{"start":{"line":1,"column":13574},"end":{"line":1,"column":13582}},"430":{"start":{"line":1,"column":13584},"end":{"line":1,"column":13611}},"431":{"start":{"line":1,"column":13600},"end":{"line":1,"column":13610}},"432":{"start":{"line":1,"column":13633},"end":{"line":1,"column":13654}},"433":{"start":{"line":1,"column":13670},"end":{"line":1,"column":13700}},"434":{"start":{"line":1,"column":13717},"end":{"line":1,"column":13743}},"435":{"start":{"line":1,"column":13761},"end":{"line":1,"column":13791}},"436":{"start":{"line":1,"column":13805},"end":{"line":1,"column":13831}},"437":{"start":{"line":1,"column":13840},"end":{"line":1,"column":13857}},"438":{"start":{"line":1,"column":13865},"end":{"line":1,"column":13882}},"439":{"start":{"line":1,"column":13899},"end":{"line":1,"column":13911}},"440":{"start":{"line":1,"column":13953},"end":{"line":1,"column":14187}},"441":{"start":{"line":1,"column":14000},"end":{"line":1,"column":14049}},"442":{"start":{"line":1,"column":14050},"end":{"line":1,"column":14134}},"443":{"start":{"line":1,"column":14216},"end":{"line":1,"column":14380}},"444":{"start":{"line":1,"column":14289},"end":{"line":1,"column":14291}},"445":{"start":{"line":1,"column":14292},"end":{"line":1,"column":14354}},"446":{"start":{"line":1,"column":14411},"end":{"line":1,"column":14433}},"447":{"start":{"line":1,"column":14445},"end":{"line":1,"column":14469}},"448":{"start":{"line":1,"column":14482},"end":{"line":1,"column":14508}},"449":{"start":{"line":1,"column":14520},"end":{"line":1,"column":14581}},"450":{"start":{"line":1,"column":14559},"end":{"line":1,"column":14579}},"451":{"start":{"line":1,"column":14592},"end":{"line":1,"column":14622}},"452":{"start":{"line":1,"column":14613},"end":{"line":1,"column":14622}},"453":{"start":{"line":1,"column":14630},"end":{"line":1,"column":14644}},"454":{"start":{"line":1,"column":14651},"end":{"line":1,"column":14653}},"455":{"start":{"line":1,"column":14654},"end":{"line":1,"column":14754}},"456":{"start":{"line":1,"column":14665},"end":{"line":1,"column":14673}},"457":{"start":{"line":1,"column":14674},"end":{"line":1,"column":14696}},"458":{"start":{"line":1,"column":14690},"end":{"line":1,"column":14696}},"459":{"start":{"line":1,"column":14704},"end":{"line":1,"column":14711}},"460":{"start":{"line":1,"column":14712},"end":{"line":1,"column":14743}},"461":{"start":{"line":1,"column":14735},"end":{"line":1,"column":14743}},"462":{"start":{"line":1,"column":14754},"end":{"line":1,"column":14762}},"463":{"start":{"line":1,"column":14778},"end":{"line":1,"column":14780}},"464":{"start":{"line":1,"column":14789},"end":{"line":1,"column":14803}},"465":{"start":{"line":1,"column":14804},"end":{"line":1,"column":14927}},"466":{"start":{"line":1,"column":14815},"end":{"line":1,"column":14823}},"467":{"start":{"line":1,"column":14824},"end":{"line":1,"column":14846}},"468":{"start":{"line":1,"column":14840},"end":{"line":1,"column":14846}},"469":{"start":{"line":1,"column":14854},"end":{"line":1,"column":14861}},"470":{"start":{"line":1,"column":14862},"end":{"line":1,"column":14916}},"471":{"start":{"line":1,"column":14885},"end":{"line":1,"column":14916}},"472":{"start":{"line":1,"column":14927},"end":{"line":1,"column":14958}},"473":{"start":{"line":1,"column":14966},"end":{"line":1,"column":15043}},"474":{"start":{"line":1,"column":14999},"end":{"line":1,"column":15034}},"475":{"start":{"line":1,"column":15061},"end":{"line":1,"column":15082}},"476":{"start":{"line":1,"column":15083},"end":{"line":1,"column":15101}},"477":{"start":{"line":1,"column":15093},"end":{"line":1,"column":15101}},"478":{"start":{"line":1,"column":15115},"end":{"line":1,"column":15147}},"479":{"start":{"line":1,"column":15162},"end":{"line":1,"column":15208}},"480":{"start":{"line":1,"column":15185},"end":{"line":1,"column":15206}},"481":{"start":{"line":1,"column":15217},"end":{"line":1,"column":15247}},"482":{"start":{"line":1,"column":15266},"end":{"line":1,"column":15283}},"483":{"start":{"line":1,"column":15286},"end":{"line":1,"column":15291}},"484":{"start":{"line":1,"column":15294},"end":{"line":1,"column":15310}},"485":{"start":{"line":1,"column":15317},"end":{"line":1,"column":15319}},"486":{"start":{"line":1,"column":15320},"end":{"line":1,"column":15466}},"487":{"start":{"line":1,"column":15331},"end":{"line":1,"column":15339}},"488":{"start":{"line":1,"column":15340},"end":{"line":1,"column":15362}},"489":{"start":{"line":1,"column":15356},"end":{"line":1,"column":15362}},"490":{"start":{"line":1,"column":15373},"end":{"line":1,"column":15380}},"491":{"start":{"line":1,"column":15383},"end":{"line":1,"column":15402}},"492":{"start":{"line":1,"column":15403},"end":{"line":1,"column":15424}},"493":{"start":{"line":1,"column":15418},"end":{"line":1,"column":15424}},"494":{"start":{"line":1,"column":15424},"end":{"line":1,"column":15455}},"495":{"start":{"line":1,"column":15450},"end":{"line":1,"column":15455}},"496":{"start":{"line":1,"column":15466},"end":{"line":1,"column":15509}},"497":{"start":{"line":1,"column":15529},"end":{"line":1,"column":15534}},"498":{"start":{"line":1,"column":15537},"end":{"line":1,"column":15553}},"499":{"start":{"line":1,"column":15560},"end":{"line":1,"column":15562}},"500":{"start":{"line":1,"column":15563},"end":{"line":1,"column":15673}},"501":{"start":{"line":1,"column":15581},"end":{"line":1,"column":15589}},"502":{"start":{"line":1,"column":15590},"end":{"line":1,"column":15612}},"503":{"start":{"line":1,"column":15606},"end":{"line":1,"column":15612}},"504":{"start":{"line":1,"column":15623},"end":{"line":1,"column":15630}},"505":{"start":{"line":1,"column":15631},"end":{"line":1,"column":15672}},"506":{"start":{"line":1,"column":15667},"end":{"line":1,"column":15672}},"507":{"start":{"line":1,"column":15673},"end":{"line":1,"column":15684}},"508":{"start":{"line":1,"column":15700},"end":{"line":1,"column":15705}},"509":{"start":{"line":1,"column":15708},"end":{"line":1,"column":15724}},"510":{"start":{"line":1,"column":15727},"end":{"line":1,"column":15754}},"511":{"start":{"line":1,"column":15761},"end":{"line":1,"column":15763}},"512":{"start":{"line":1,"column":15764},"end":{"line":1,"column":15909}},"513":{"start":{"line":1,"column":15782},"end":{"line":1,"column":15790}},"514":{"start":{"line":1,"column":15791},"end":{"line":1,"column":15813}},"515":{"start":{"line":1,"column":15807},"end":{"line":1,"column":15813}},"516":{"start":{"line":1,"column":15824},"end":{"line":1,"column":15831}},"517":{"start":{"line":1,"column":15834},"end":{"line":1,"column":15853}},"518":{"start":{"line":1,"column":15854},"end":{"line":1,"column":15876}},"519":{"start":{"line":1,"column":15870},"end":{"line":1,"column":15876}},"520":{"start":{"line":1,"column":15876},"end":{"line":1,"column":15908}},"521":{"start":{"line":1,"column":15903},"end":{"line":1,"column":15908}},"522":{"start":{"line":1,"column":15909},"end":{"line":1,"column":15949}},"523":{"start":{"line":1,"column":15970},"end":{"line":1,"column":15975}},"524":{"start":{"line":1,"column":15982},"end":{"line":1,"column":15983}},"525":{"start":{"line":1,"column":15992},"end":{"line":1,"column":16008}},"526":{"start":{"line":1,"column":16015},"end":{"line":1,"column":16017}},"527":{"start":{"line":1,"column":16018},"end":{"line":1,"column":16163}},"528":{"start":{"line":1,"column":16036},"end":{"line":1,"column":16044}},"529":{"start":{"line":1,"column":16045},"end":{"line":1,"column":16067}},"530":{"start":{"line":1,"column":16061},"end":{"line":1,"column":16067}},"531":{"start":{"line":1,"column":16078},"end":{"line":1,"column":16085}},"532":{"start":{"line":1,"column":16088},"end":{"line":1,"column":16109}},"533":{"start":{"line":1,"column":16110},"end":{"line":1,"column":16134}},"534":{"start":{"line":1,"column":16125},"end":{"line":1,"column":16134}},"535":{"start":{"line":1,"column":16134},"end":{"line":1,"column":16162}},"536":{"start":{"line":1,"column":16154},"end":{"line":1,"column":16162}},"537":{"start":{"line":1,"column":16163},"end":{"line":1,"column":16171}},"538":{"start":{"line":1,"column":16188},"end":{"line":1,"column":16284}},"539":{"start":{"line":1,"column":16197},"end":{"line":1,"column":16284}},"540":{"start":{"line":1,"column":16284},"end":{"line":1,"column":16309}},"541":{"start":{"line":1,"column":16327},"end":{"line":1,"column":16423}},"542":{"start":{"line":1,"column":16336},"end":{"line":1,"column":16423}},"543":{"start":{"line":1,"column":16431},"end":{"line":1,"column":16458}},"544":{"start":{"line":1,"column":16459},"end":{"line":1,"column":16570}},"545":{"start":{"line":1,"column":16499},"end":{"line":1,"column":16529}},"546":{"start":{"line":1,"column":16592},"end":{"line":1,"column":16608}},"547":{"start":{"line":1,"column":16609},"end":{"line":1,"column":16627}},"548":{"start":{"line":1,"column":16650},"end":{"line":1,"column":16667}},"549":{"start":{"line":1,"column":16670},"end":{"line":1,"column":16681}},"550":{"start":{"line":1,"column":16682},"end":{"line":1,"column":16708}},"551":{"start":{"line":1,"column":16730},"end":{"line":1,"column":16745}},"552":{"start":{"line":1,"column":16748},"end":{"line":1,"column":16759}},"553":{"start":{"line":1,"column":16760},"end":{"line":1,"column":16786}},"554":{"start":{"line":1,"column":16796},"end":{"line":1,"column":16832}},"555":{"start":{"line":1,"column":16841},"end":{"line":1,"column":16876}},"556":{"start":{"line":1,"column":16884},"end":{"line":1,"column":16927}},"557":{"start":{"line":1,"column":16930},"end":{"line":1,"column":16985}},"558":{"start":{"line":1,"column":16988},"end":{"line":1,"column":17019}},"559":{"start":{"line":1,"column":17022},"end":{"line":1,"column":17047}},"560":{"start":{"line":1,"column":17050},"end":{"line":1,"column":17058}},"561":{"start":{"line":1,"column":17061},"end":{"line":1,"column":17081}},"562":{"start":{"line":1,"column":17084},"end":{"line":1,"column":17103}},"563":{"start":{"line":1,"column":17110},"end":{"line":1,"column":17372}},"564":{"start":{"line":1,"column":17122},"end":{"line":1,"column":17371}},"565":{"start":{"line":1,"column":17152},"end":{"line":1,"column":17183}},"566":{"start":{"line":1,"column":17174},"end":{"line":1,"column":17183}},"567":{"start":{"line":1,"column":17183},"end":{"line":1,"column":17326}},"568":{"start":{"line":1,"column":17198},"end":{"line":1,"column":17299}},"569":{"start":{"line":1,"column":17236},"end":{"line":1,"column":17265}},"570":{"start":{"line":1,"column":17304},"end":{"line":1,"column":17326}},"571":{"start":{"line":1,"column":17332},"end":{"line":1,"column":17336}},"572":{"start":{"line":1,"column":17337},"end":{"line":1,"column":17367}},"573":{"start":{"line":1,"column":17381},"end":{"line":1,"column":17419}},"574":{"start":{"line":1,"column":17440},"end":{"line":1,"column":17569}},"575":{"start":{"line":1,"column":17478},"end":{"line":1,"column":17569}},"576":{"start":{"line":1,"column":17569},"end":{"line":1,"column":17618}},"577":{"start":{"line":1,"column":17583},"end":{"line":1,"column":17618}},"578":{"start":{"line":1,"column":17618},"end":{"line":1,"column":17713}},"579":{"start":{"line":1,"column":17666},"end":{"line":1,"column":17691}},"580":{"start":{"line":1,"column":17692},"end":{"line":1,"column":17712}},"581":{"start":{"line":1,"column":17713},"end":{"line":1,"column":17895}},"582":{"start":{"line":1,"column":17912},"end":{"line":1,"column":17930}},"583":{"start":{"line":1,"column":17921},"end":{"line":1,"column":17930}},"584":{"start":{"line":1,"column":17930},"end":{"line":1,"column":17978}},"585":{"start":{"line":1,"column":17939},"end":{"line":1,"column":17955}},"586":{"start":{"line":1,"column":17947},"end":{"line":1,"column":17955}},"587":{"start":{"line":1,"column":17961},"end":{"line":1,"column":17978}},"588":{"start":{"line":1,"column":17969},"end":{"line":1,"column":17978}},"589":{"start":{"line":1,"column":17978},"end":{"line":1,"column":17991}},"590":{"start":{"line":1,"column":18027},"end":{"line":1,"column":18082}},"591":{"start":{"line":1,"column":18090},"end":{"line":1,"column":18147}},"592":{"start":{"line":1,"column":18159},"end":{"line":1,"column":18195}},"593":{"start":{"line":1,"column":18208},"end":{"line":1,"column":18246}},"594":{"start":{"line":1,"column":18256},"end":{"line":1,"column":18305}},"595":{"start":{"line":1,"column":18319},"end":{"line":1,"column":18340}},"596":{"start":{"line":1,"column":18350},"end":{"line":1,"column":18428}},"597":{"start":{"line":1,"column":18383},"end":{"line":1,"column":18419}},"598":{"start":{"line":1,"column":18447},"end":{"line":1,"column":18454}},"599":{"start":{"line":1,"column":18457},"end":{"line":1,"column":18499}},"600":{"start":{"line":1,"column":18500},"end":{"line":1,"column":18569}},"601":{"start":{"line":1,"column":18510},"end":{"line":1,"column":18511}},"602":{"start":{"line":1,"column":18537},"end":{"line":1,"column":18541}},"603":{"start":{"line":1,"column":18542},"end":{"line":1,"column":18568}},"604":{"start":{"line":1,"column":18569},"end":{"line":1,"column":18604}},"605":{"start":{"line":1,"column":18616},"end":{"line":1,"column":18691}},"606":{"start":{"line":1,"column":18649},"end":{"line":1,"column":18686}},"607":{"start":{"line":1,"column":18713},"end":{"line":1,"column":18732}},"608":{"start":{"line":1,"column":18733},"end":{"line":1,"column":18860}},"609":{"start":{"line":1,"column":18766},"end":{"line":1,"column":18826}},"610":{"start":{"line":1,"column":18871},"end":{"line":1,"column":18896}},"611":{"start":{"line":1,"column":18908},"end":{"line":1,"column":18935}},"612":{"start":{"line":1,"column":18948},"end":{"line":1,"column":18976}},"613":{"start":{"line":1,"column":18978},"end":{"line":1,"column":19660}},"614":{"start":{"line":1,"column":19068},"end":{"line":1,"column":19083}},"615":{"start":{"line":1,"column":19089},"end":{"line":1,"column":19090}},"616":{"start":{"line":1,"column":19091},"end":{"line":1,"column":19352}},"617":{"start":{"line":1,"column":19112},"end":{"line":1,"column":19158}},"618":{"start":{"line":1,"column":19144},"end":{"line":1,"column":19154}},"619":{"start":{"line":1,"column":19158},"end":{"line":1,"column":19164}},"620":{"start":{"line":1,"column":19178},"end":{"line":1,"column":19241}},"621":{"start":{"line":1,"column":19228},"end":{"line":1,"column":19237}},"622":{"start":{"line":1,"column":19241},"end":{"line":1,"column":19247}},"623":{"start":{"line":1,"column":19260},"end":{"line":1,"column":19298}},"624":{"start":{"line":1,"column":19288},"end":{"line":1,"column":19294}},"625":{"start":{"line":1,"column":19298},"end":{"line":1,"column":19304}},"626":{"start":{"line":1,"column":19312},"end":{"line":1,"column":19351}},"627":{"start":{"line":1,"column":19352},"end":{"line":1,"column":19360}},"628":{"start":{"line":1,"column":19386},"end":{"line":1,"column":19401}},"629":{"start":{"line":1,"column":19407},"end":{"line":1,"column":19408}},"630":{"start":{"line":1,"column":19409},"end":{"line":1,"column":19648}},"631":{"start":{"line":1,"column":19433},"end":{"line":1,"column":19437}},"632":{"start":{"line":1,"column":19437},"end":{"line":1,"column":19443}},"633":{"start":{"line":1,"column":19457},"end":{"line":1,"column":19462}},"634":{"start":{"line":1,"column":19462},"end":{"line":1,"column":19468}},"635":{"start":{"line":1,"column":19479},"end":{"line":1,"column":19489}},"636":{"start":{"line":1,"column":19489},"end":{"line":1,"column":19495}},"637":{"start":{"line":1,"column":19509},"end":{"line":1,"column":19514}},"638":{"start":{"line":1,"column":19514},"end":{"line":1,"column":19520}},"639":{"start":{"line":1,"column":19533},"end":{"line":1,"column":19538}},"640":{"start":{"line":1,"column":19538},"end":{"line":1,"column":19544}},"641":{"start":{"line":1,"column":19556},"end":{"line":1,"column":19567}},"642":{"start":{"line":1,"column":19567},"end":{"line":1,"column":19573}},"643":{"start":{"line":1,"column":19584},"end":{"line":1,"column":19594}},"644":{"start":{"line":1,"column":19594},"end":{"line":1,"column":19600}},"645":{"start":{"line":1,"column":19614},"end":{"line":1,"column":19627}},"646":{"start":{"line":1,"column":19627},"end":{"line":1,"column":19633}},"647":{"start":{"line":1,"column":19641},"end":{"line":1,"column":19647}},"648":{"start":{"line":1,"column":19648},"end":{"line":1,"column":19656}},"649":{"start":{"line":1,"column":19695},"end":{"line":1,"column":19719}},"650":{"start":{"line":1,"column":19731},"end":{"line":1,"column":19739}},"651":{"start":{"line":1,"column":19747},"end":{"line":1,"column":19768}},"652":{"start":{"line":1,"column":19778},"end":{"line":1,"column":19802}},"653":{"start":{"line":1,"column":19813},"end":{"line":1,"column":19838}},"654":{"start":{"line":1,"column":19850},"end":{"line":1,"column":19876}},"655":{"start":{"line":1,"column":19886},"end":{"line":1,"column":19900}},"656":{"start":{"line":1,"column":19915},"end":{"line":1,"column":19974}},"657":{"start":{"line":1,"column":19986},"end":{"line":1,"column":20009}},"658":{"start":{"line":1,"column":20022},"end":{"line":1,"column":20046}},"659":{"start":{"line":1,"column":20060},"end":{"line":1,"column":20087}},"660":{"start":{"line":1,"column":20096},"end":{"line":1,"column":20135}},"661":{"start":{"line":1,"column":20147},"end":{"line":1,"column":20175}},"662":{"start":{"line":1,"column":20183},"end":{"line":1,"column":20207}},"663":{"start":{"line":1,"column":20217},"end":{"line":1,"column":20244}},"664":{"start":{"line":1,"column":20263},"end":{"line":1,"column":20290}},"665":{"start":{"line":1,"column":20308},"end":{"line":1,"column":20335}},"666":{"start":{"line":1,"column":20350},"end":{"line":1,"column":20379}},"667":{"start":{"line":1,"column":20394},"end":{"line":1,"column":20425}},"668":{"start":{"line":1,"column":20441},"end":{"line":1,"column":20473}},"669":{"start":{"line":1,"column":20489},"end":{"line":1,"column":20518}},"670":{"start":{"line":1,"column":20528},"end":{"line":1,"column":20576}},"671":{"start":{"line":1,"column":20591},"end":{"line":1,"column":20632}},"672":{"start":{"line":1,"column":20647},"end":{"line":1,"column":20678}},"673":{"start":{"line":1,"column":20689},"end":{"line":1,"column":20716}},"674":{"start":{"line":1,"column":20729},"end":{"line":1,"column":20766}},"675":{"start":{"line":1,"column":20778},"end":{"line":1,"column":20814}},"676":{"start":{"line":1,"column":20828},"end":{"line":1,"column":20856}},"677":{"start":{"line":1,"column":20865},"end":{"line":1,"column":20890}},"678":{"start":{"line":1,"column":20904},"end":{"line":1,"column":20940}},"679":{"start":{"line":1,"column":20950},"end":{"line":1,"column":20974}},"680":{"start":{"line":1,"column":20983},"end":{"line":1,"column":21006}},"681":{"start":{"line":1,"column":21045},"end":{"line":1,"column":21047}},"682":{"start":{"line":1,"column":21048},"end":{"line":1,"column":21087}},"683":{"start":{"line":1,"column":21058},"end":{"line":1,"column":21059}},"684":{"start":{"line":1,"column":21077},"end":{"line":1,"column":21087}},"685":{"start":{"line":1,"column":21087},"end":{"line":1,"column":21095}},"686":{"start":{"line":1,"column":21115},"end":{"line":1,"column":21120}},"687":{"start":{"line":1,"column":21123},"end":{"line":1,"column":21133}},"688":{"start":{"line":1,"column":21136},"end":{"line":1,"column":21146}},"689":{"start":{"line":1,"column":21147},"end":{"line":1,"column":21207}},"690":{"start":{"line":1,"column":21157},"end":{"line":1,"column":21158}},"691":{"start":{"line":1,"column":21207},"end":{"line":1,"column":21218}},"692":{"start":{"line":1,"column":21234},"end":{"line":1,"column":21239}},"693":{"start":{"line":1,"column":21242},"end":{"line":1,"column":21244}},"694":{"start":{"line":1,"column":21247},"end":{"line":1,"column":21263}},"695":{"start":{"line":1,"column":21270},"end":{"line":1,"column":21272}},"696":{"start":{"line":1,"column":21273},"end":{"line":1,"column":21415}},"697":{"start":{"line":1,"column":21284},"end":{"line":1,"column":21292}},"698":{"start":{"line":1,"column":21293},"end":{"line":1,"column":21313}},"699":{"start":{"line":1,"column":21307},"end":{"line":1,"column":21313}},"700":{"start":{"line":1,"column":21324},"end":{"line":1,"column":21331}},"701":{"start":{"line":1,"column":21334},"end":{"line":1,"column":21354}},"702":{"start":{"line":1,"column":21355},"end":{"line":1,"column":21376}},"703":{"start":{"line":1,"column":21370},"end":{"line":1,"column":21376}},"704":{"start":{"line":1,"column":21376},"end":{"line":1,"column":21404}},"705":{"start":{"line":1,"column":21399},"end":{"line":1,"column":21404}},"706":{"start":{"line":1,"column":21415},"end":{"line":1,"column":21449}},"707":{"start":{"line":1,"column":21470},"end":{"line":1,"column":21475}},"708":{"start":{"line":1,"column":21478},"end":{"line":1,"column":21494}},"709":{"start":{"line":1,"column":21501},"end":{"line":1,"column":21502}},"710":{"start":{"line":1,"column":21505},"end":{"line":1,"column":21507}},"711":{"start":{"line":1,"column":21508},"end":{"line":1,"column":21649}},"712":{"start":{"line":1,"column":21519},"end":{"line":1,"column":21527}},"713":{"start":{"line":1,"column":21528},"end":{"line":1,"column":21548}},"714":{"start":{"line":1,"column":21542},"end":{"line":1,"column":21548}},"715":{"start":{"line":1,"column":21559},"end":{"line":1,"column":21566}},"716":{"start":{"line":1,"column":21569},"end":{"line":1,"column":21591}},"717":{"start":{"line":1,"column":21592},"end":{"line":1,"column":21613}},"718":{"start":{"line":1,"column":21607},"end":{"line":1,"column":21613}},"719":{"start":{"line":1,"column":21613},"end":{"line":1,"column":21638}},"720":{"start":{"line":1,"column":21633},"end":{"line":1,"column":21638}},"721":{"start":{"line":1,"column":21649},"end":{"line":1,"column":21657}},"722":{"start":{"line":1,"column":21679},"end":{"line":1,"column":21695}},"723":{"start":{"line":1,"column":21696},"end":{"line":1,"column":21714}},"724":{"start":{"line":1,"column":21727},"end":{"line":1,"column":21755}},"725":{"start":{"line":1,"column":21766},"end":{"line":1,"column":21791}},"726":{"start":{"line":1,"column":21803},"end":{"line":1,"column":21830}},"727":{"start":{"line":1,"column":21840},"end":{"line":1,"column":21863}},"728":{"start":{"line":1,"column":21854},"end":{"line":1,"column":21863}},"729":{"start":{"line":1,"column":21863},"end":{"line":1,"column":21905}},"730":{"start":{"line":1,"column":21885},"end":{"line":1,"column":21905}},"731":{"start":{"line":1,"column":21913},"end":{"line":1,"column":21915}},"732":{"start":{"line":1,"column":21916},"end":{"line":1,"column":21969}},"733":{"start":{"line":1,"column":21926},"end":{"line":1,"column":21927}},"734":{"start":{"line":1,"column":21949},"end":{"line":1,"column":21969}},"735":{"start":{"line":1,"column":21969},"end":{"line":1,"column":21977}},"736":{"start":{"line":1,"column":21986},"end":{"line":1,"column":22009}},"737":{"start":{"line":1,"column":22000},"end":{"line":1,"column":22009}},"738":{"start":{"line":1,"column":22009},"end":{"line":1,"column":22051}},"739":{"start":{"line":1,"column":22031},"end":{"line":1,"column":22051}},"740":{"start":{"line":1,"column":22059},"end":{"line":1,"column":22061}},"741":{"start":{"line":1,"column":22062},"end":{"line":1,"column":22138}},"742":{"start":{"line":1,"column":22072},"end":{"line":1,"column":22073}},"743":{"start":{"line":1,"column":22104},"end":{"line":1,"column":22117}},"744":{"start":{"line":1,"column":22118},"end":{"line":1,"column":22137}},"745":{"start":{"line":1,"column":22138},"end":{"line":1,"column":22146}},"746":{"start":{"line":1,"column":22163},"end":{"line":1,"column":22194}},"747":{"start":{"line":1,"column":22176},"end":{"line":1,"column":22194}},"748":{"start":{"line":1,"column":22210},"end":{"line":1,"column":22251}},"749":{"start":{"line":1,"column":22223},"end":{"line":1,"column":22251}},"750":{"start":{"line":1,"column":22288},"end":{"line":1,"column":22312}},"751":{"start":{"line":1,"column":22324},"end":{"line":1,"column":22348}},"752":{"start":{"line":1,"column":22361},"end":{"line":1,"column":22388}},"753":{"start":{"line":1,"column":22400},"end":{"line":1,"column":22468}},"754":{"start":{"line":1,"column":22479},"end":{"line":1,"column":22510}},"755":{"start":{"line":1,"column":22528},"end":{"line":1,"column":22549}},"756":{"start":{"line":1,"column":22550},"end":{"line":1,"column":22568}},"757":{"start":{"line":1,"column":22560},"end":{"line":1,"column":22568}},"758":{"start":{"line":1,"column":22586},"end":{"line":1,"column":22615}},"759":{"start":{"line":1,"column":22618},"end":{"line":1,"column":22666}},"760":{"start":{"line":1,"column":22667},"end":{"line":1,"column":22707}},"761":{"start":{"line":1,"column":22715},"end":{"line":1,"column":22772}},"762":{"start":{"line":1,"column":22738},"end":{"line":1,"column":22772}},"763":{"start":{"line":1,"column":22786},"end":{"line":1,"column":22867}},"764":{"start":{"line":1,"column":22830},"end":{"line":1,"column":22850}},"765":{"start":{"line":1,"column":22882},"end":{"line":1,"column":23007}},"766":{"start":{"line":1,"column":22911},"end":{"line":1,"column":22933}},"767":{"start":{"line":1,"column":22934},"end":{"line":1,"column":23006}},"768":{"start":{"line":1,"column":22947},"end":{"line":1,"column":22968}},"769":{"start":{"line":1,"column":23013},"end":{"line":1,"column":23023}},"770":{"start":{"line":1,"column":23026},"end":{"line":1,"column":23034}},"771":{"start":{"line":1,"column":23035},"end":{"line":1,"column":23088}},"772":{"start":{"line":1,"column":23038},"end":{"line":1,"column":23066}},"773":{"start":{"line":1,"column":23088},"end":{"line":1,"column":23129}},"774":{"start":{"line":1,"column":23138},"end":{"line":1,"column":23173}},"775":{"start":{"line":1,"column":23184},"end":{"line":1,"column":23227}},"776":{"start":{"line":1,"column":23244},"end":{"line":1,"column":23304}},"777":{"start":{"line":1,"column":23305},"end":{"line":1,"column":23378}},"778":{"start":{"line":1,"column":23388},"end":{"line":1,"column":23433}},"779":{"start":{"line":1,"column":23448},"end":{"line":1,"column":23485}},"780":{"start":{"line":1,"column":23504},"end":{"line":1,"column":23579}},"781":{"start":{"line":1,"column":23530},"end":{"line":1,"column":23574}},"782":{"start":{"line":1,"column":23580},"end":{"line":1,"column":23617}},"783":{"start":{"line":1,"column":23642},"end":{"line":1,"column":23734}},"784":{"start":{"line":1,"column":23691},"end":{"line":1,"column":23708}},"785":{"start":{"line":1,"column":23709},"end":{"line":1,"column":23733}},"786":{"start":{"line":1,"column":23734},"end":{"line":1,"column":23765}},"787":{"start":{"line":1,"column":23785},"end":{"line":1,"column":23838}},"788":{"start":{"line":1,"column":23807},"end":{"line":1,"column":23838}},"789":{"start":{"line":1,"column":23838},"end":{"line":1,"column":23944}},"790":{"start":{"line":1,"column":23867},"end":{"line":1,"column":23927}},"791":{"start":{"line":1,"column":23903},"end":{"line":1,"column":23922}},"792":{"start":{"line":1,"column":23928},"end":{"line":1,"column":23943}},"793":{"start":{"line":1,"column":23944},"end":{"line":1,"column":23970}},"794":{"start":{"line":1,"column":23986},"end":{"line":1,"column":23991}},"795":{"start":{"line":1,"column":23994},"end":{"line":1,"column":23996}},"796":{"start":{"line":1,"column":23999},"end":{"line":1,"column":24015}},"797":{"start":{"line":1,"column":24022},"end":{"line":1,"column":24024}},"798":{"start":{"line":1,"column":24025},"end":{"line":1,"column":24160}},"799":{"start":{"line":1,"column":24028},"end":{"line":1,"column":24055}},"800":{"start":{"line":1,"column":24049},"end":{"line":1,"column":24055}},"801":{"start":{"line":1,"column":24066},"end":{"line":1,"column":24073}},"802":{"start":{"line":1,"column":24076},"end":{"line":1,"column":24096}},"803":{"start":{"line":1,"column":24097},"end":{"line":1,"column":24118}},"804":{"start":{"line":1,"column":24112},"end":{"line":1,"column":24118}},"805":{"start":{"line":1,"column":24118},"end":{"line":1,"column":24149}},"806":{"start":{"line":1,"column":24144},"end":{"line":1,"column":24149}},"807":{"start":{"line":1,"column":24160},"end":{"line":1,"column":24203}},"808":{"start":{"line":1,"column":24220},"end":{"line":1,"column":24280}},"809":{"start":{"line":1,"column":24242},"end":{"line":1,"column":24280}},"810":{"start":{"line":1,"column":24280},"end":{"line":1,"column":24372}},"811":{"start":{"line":1,"column":24309},"end":{"line":1,"column":24346}},"812":{"start":{"line":1,"column":24331},"end":{"line":1,"column":24344}},"813":{"start":{"line":1,"column":24347},"end":{"line":1,"column":24371}},"814":{"start":{"line":1,"column":24372},"end":{"line":1,"column":24405}},"815":{"start":{"line":1,"column":24418},"end":{"line":1,"column":24445}},"816":{"start":{"line":1,"column":24456},"end":{"line":1,"column":24491}},"817":{"start":{"line":1,"column":24503},"end":{"line":1,"column":24539}},"818":{"start":{"line":1,"column":24554},"end":{"line":1,"column":24610}},"819":{"start":{"line":1,"column":24626},"end":{"line":1,"column":24682}},"820":{"start":{"line":1,"column":24705},"end":{"line":1,"column":24730}},"821":{"start":{"line":1,"column":24733},"end":{"line":1,"column":24756}},"822":{"start":{"line":1,"column":24757},"end":{"line":1,"column":24794}},"823":{"start":{"line":1,"column":24816},"end":{"line":1,"column":24849}},"824":{"start":{"line":1,"column":24852},"end":{"line":1,"column":24887}},"825":{"start":{"line":1,"column":24888},"end":{"line":1,"column":24924}},"826":{"start":{"line":1,"column":24934},"end":{"line":1,"column":25028}},"827":{"start":{"line":1,"column":25037},"end":{"line":1,"column":25138}},"828":{"start":{"line":1,"column":25175},"end":{"line":1,"column":25228}},"829":{"start":{"line":1,"column":25240},"end":{"line":1,"column":25264}},"830":{"start":{"line":1,"column":25277},"end":{"line":1,"column":25298}},"831":{"start":{"line":1,"column":25306},"end":{"line":1,"column":25326}},"832":{"start":{"line":1,"column":25344},"end":{"line":1,"column":25359}},"833":{"start":{"line":1,"column":25360},"end":{"line":1,"column":25403}},"834":{"start":{"line":1,"column":25419},"end":{"line":1,"column":25440}},"835":{"start":{"line":1,"column":25441},"end":{"line":1,"column":25467}},"836":{"start":{"line":1,"column":25479},"end":{"line":1,"column":25508}},"837":{"start":{"line":1,"column":25517},"end":{"line":1,"column":25552}},"838":{"start":{"line":1,"column":25566},"end":{"line":1,"column":25615}},"839":{"start":{"line":1,"column":25593},"end":{"line":1,"column":25613}},"840":{"start":{"line":1,"column":25630},"end":{"line":1,"column":25682}},"841":{"start":{"line":1,"column":25659},"end":{"line":1,"column":25680}},"842":{"start":{"line":1,"column":25693},"end":{"line":1,"column":25725}},"843":{"start":{"line":1,"column":25736},"end":{"line":1,"column":25801}},"844":{"start":{"line":1,"column":25811},"end":{"line":1,"column":25861}},"845":{"start":{"line":1,"column":25876},"end":{"line":1,"column":25913}},"846":{"start":{"line":1,"column":25932},"end":{"line":1,"column":25937}},"847":{"start":{"line":1,"column":25940},"end":{"line":1,"column":25942}},"848":{"start":{"line":1,"column":25943},"end":{"line":1,"column":26067}},"849":{"start":{"line":1,"column":25953},"end":{"line":1,"column":25954}},"850":{"start":{"line":1,"column":25981},"end":{"line":1,"column":25992}},"851":{"start":{"line":1,"column":25995},"end":{"line":1,"column":26014}},"852":{"start":{"line":1,"column":26015},"end":{"line":1,"column":26036}},"853":{"start":{"line":1,"column":26030},"end":{"line":1,"column":26036}},"854":{"start":{"line":1,"column":26036},"end":{"line":1,"column":26066}},"855":{"start":{"line":1,"column":26061},"end":{"line":1,"column":26066}},"856":{"start":{"line":1,"column":26067},"end":{"line":1,"column":26104}},"857":{"start":{"line":1,"column":26119},"end":{"line":1,"column":26173}},"858":{"start":{"line":1,"column":26189},"end":{"line":1,"column":26243}},"859":{"start":{"line":1,"column":26266},"end":{"line":1,"column":26281}},"860":{"start":{"line":1,"column":26284},"end":{"line":1,"column":26293}},"861":{"start":{"line":1,"column":26294},"end":{"line":1,"column":26331}},"862":{"start":{"line":1,"column":26353},"end":{"line":1,"column":26368}},"863":{"start":{"line":1,"column":26371},"end":{"line":1,"column":26378}},"864":{"start":{"line":1,"column":26379},"end":{"line":1,"column":26416}},"865":{"start":{"line":1,"column":26426},"end":{"line":1,"column":26472}},"866":{"start":{"line":1,"column":26481},"end":{"line":1,"column":26536}},"867":{"start":{"line":1,"column":26553},"end":{"line":1,"column":26586}},"868":{"start":{"line":1,"column":26566},"end":{"line":1,"column":26586}},"869":{"start":{"line":1,"column":26602},"end":{"line":1,"column":26645}},"870":{"start":{"line":1,"column":26615},"end":{"line":1,"column":26645}},"871":{"start":{"line":1,"column":26682},"end":{"line":1,"column":26737}},"872":{"start":{"line":1,"column":26749},"end":{"line":1,"column":26784}},"873":{"start":{"line":1,"column":26796},"end":{"line":1,"column":26838}},"874":{"start":{"line":1,"column":26851},"end":{"line":1,"column":26895}},"875":{"start":{"line":1,"column":26903},"end":{"line":1,"column":26923}},"876":{"start":{"line":1,"column":26933},"end":{"line":1,"column":26961}},"877":{"start":{"line":1,"column":26979},"end":{"line":1,"column":26988}},"878":{"start":{"line":1,"column":26989},"end":{"line":1,"column":27078}},"879":{"start":{"line":1,"column":26999},"end":{"line":1,"column":27000}},"880":{"start":{"line":1,"column":27026},"end":{"line":1,"column":27030}},"881":{"start":{"line":1,"column":27033},"end":{"line":1,"column":27044}},"882":{"start":{"line":1,"column":27045},"end":{"line":1,"column":27077}},"883":{"start":{"line":1,"column":27069},"end":{"line":1,"column":27077}},"884":{"start":{"line":1,"column":27090},"end":{"line":1,"column":27139}},"885":{"start":{"line":1,"column":27117},"end":{"line":1,"column":27137}},"886":{"start":{"line":1,"column":27150},"end":{"line":1,"column":27197}},"887":{"start":{"line":1,"column":27176},"end":{"line":1,"column":27195}},"888":{"start":{"line":1,"column":27206},"end":{"line":1,"column":27241}},"889":{"start":{"line":1,"column":27263},"end":{"line":1,"column":27291}},"890":{"start":{"line":1,"column":27292},"end":{"line":1,"column":27344}},"891":{"start":{"line":1,"column":27363},"end":{"line":1,"column":27405}},"892":{"start":{"line":1,"column":27408},"end":{"line":1,"column":27410}},"893":{"start":{"line":1,"column":27411},"end":{"line":1,"column":27481}},"894":{"start":{"line":1,"column":27433},"end":{"line":1,"column":27449}},"895":{"start":{"line":1,"column":27491},"end":{"line":1,"column":27540}},"896":{"start":{"line":1,"column":27555},"end":{"line":1,"column":27592}},"897":{"start":{"line":1,"column":27603},"end":{"line":1,"column":27652}},"898":{"start":{"line":1,"column":27664},"end":{"line":1,"column":27715}},"899":{"start":{"line":1,"column":27728},"end":{"line":1,"column":27780}},"900":{"start":{"line":1,"column":27795},"end":{"line":1,"column":27896}},"901":{"start":{"line":1,"column":27809},"end":{"line":1,"column":27896}},"902":{"start":{"line":1,"column":27896},"end":{"line":1,"column":27929}},"903":{"start":{"line":1,"column":27945},"end":{"line":1,"column":28046}},"904":{"start":{"line":1,"column":27959},"end":{"line":1,"column":28046}},"905":{"start":{"line":1,"column":28054},"end":{"line":1,"column":28081}},"906":{"start":{"line":1,"column":28082},"end":{"line":1,"column":28201}},"907":{"start":{"line":1,"column":28130},"end":{"line":1,"column":28160}},"908":{"start":{"line":1,"column":28238},"end":{"line":1,"column":28262}},"909":{"start":{"line":1,"column":28271},"end":{"line":1,"column":28311}},"910":{"start":{"line":1,"column":28321},"end":{"line":1,"column":28375}},"911":{"start":{"line":1,"column":28398},"end":{"line":1,"column":28418}},"912":{"start":{"line":1,"column":28419},"end":{"line":1,"column":28470}},"913":{"start":{"line":1,"column":28484},"end":{"line":1,"column":28612}},"914":{"start":{"line":1,"column":28513},"end":{"line":1,"column":28572}},"915":{"start":{"line":1,"column":28536},"end":{"line":1,"column":28561}},"916":{"start":{"line":1,"column":28573},"end":{"line":1,"column":28611}},"917":{"start":{"line":1,"column":28612},"end":{"line":1,"column":28713}},"918":{"start":{"line":1,"column":28639},"end":{"line":1,"column":28650}},"919":{"start":{"line":1,"column":28653},"end":{"line":1,"column":28673}},"920":{"start":{"line":1,"column":28674},"end":{"line":1,"column":28712}},"921":{"start":{"line":1,"column":28713},"end":{"line":1,"column":28724}},"922":{"start":{"line":1,"column":28740},"end":{"line":1,"column":28760}},"923":{"start":{"line":1,"column":28761},"end":{"line":1,"column":28797}},"924":{"start":{"line":1,"column":28816},"end":{"line":1,"column":28836}},"925":{"start":{"line":1,"column":28837},"end":{"line":1,"column":28944}},"926":{"start":{"line":1,"column":28878},"end":{"line":1,"column":28888}},"927":{"start":{"line":1,"column":28889},"end":{"line":1,"column":28912}},"928":{"start":{"line":1,"column":28964},"end":{"line":1,"column":29005}},"929":{"start":{"line":1,"column":29008},"end":{"line":1,"column":29013}},"930":{"start":{"line":1,"column":29016},"end":{"line":1,"column":29029}},"931":{"start":{"line":1,"column":29036},"end":{"line":1,"column":29038}},"932":{"start":{"line":1,"column":29039},"end":{"line":1,"column":29151}},"933":{"start":{"line":1,"column":29050},"end":{"line":1,"column":29058}},"934":{"start":{"line":1,"column":29059},"end":{"line":1,"column":29081}},"935":{"start":{"line":1,"column":29075},"end":{"line":1,"column":29081}},"936":{"start":{"line":1,"column":29092},"end":{"line":1,"column":29099}},"937":{"start":{"line":1,"column":29100},"end":{"line":1,"column":29140}},"938":{"start":{"line":1,"column":29135},"end":{"line":1,"column":29140}},"939":{"start":{"line":1,"column":29151},"end":{"line":1,"column":29162}},"940":{"start":{"line":1,"column":29170},"end":{"line":1,"column":29209}},"941":{"start":{"line":1,"column":29189},"end":{"line":1,"column":29209}},"942":{"start":{"line":1,"column":29221},"end":{"line":1,"column":29315}},"943":{"start":{"line":1,"column":29274},"end":{"line":1,"column":29310}},"944":{"start":{"line":1,"column":29326},"end":{"line":1,"column":29363}},"945":{"start":{"line":1,"column":29375},"end":{"line":1,"column":29401}},"946":{"start":{"line":1,"column":29420},"end":{"line":1,"column":29422}},"947":{"start":{"line":1,"column":29423},"end":{"line":1,"column":29462}},"948":{"start":{"line":1,"column":29433},"end":{"line":1,"column":29434}},"949":{"start":{"line":1,"column":29452},"end":{"line":1,"column":29462}},"950":{"start":{"line":1,"column":29462},"end":{"line":1,"column":29490}},"951":{"start":{"line":1,"column":29500},"end":{"line":1,"column":29596}},"952":{"start":{"line":1,"column":29519},"end":{"line":1,"column":29596}},"953":{"start":{"line":1,"column":29552},"end":{"line":1,"column":29587}},"954":{"start":{"line":1,"column":29612},"end":{"line":1,"column":29619}},"955":{"start":{"line":1,"column":29620},"end":{"line":1,"column":29730}},"956":{"start":{"line":1,"column":29661},"end":{"line":1,"column":29680}},"957":{"start":{"line":1,"column":29681},"end":{"line":1,"column":29701}},"958":{"start":{"line":1,"column":29743},"end":{"line":1,"column":29830}},"959":{"start":{"line":1,"column":29805},"end":{"line":1,"column":29826}},"960":{"start":{"line":1,"column":29844},"end":{"line":1,"column":29869}},"961":{"start":{"line":1,"column":29879},"end":{"line":1,"column":30052}},"962":{"start":{"line":1,"column":30041},"end":{"line":1,"column":30050}},"963":{"start":{"line":1,"column":30069},"end":{"line":1,"column":30102}},"964":{"start":{"line":1,"column":30103},"end":{"line":1,"column":30161}},"965":{"start":{"line":1,"column":30174},"end":{"line":1,"column":30213}},"966":{"start":{"line":1,"column":30226},"end":{"line":1,"column":30264}},"967":{"start":{"line":1,"column":30284},"end":{"line":1,"column":30286}},"968":{"start":{"line":1,"column":30287},"end":{"line":1,"column":30326}},"969":{"start":{"line":1,"column":30297},"end":{"line":1,"column":30298}},"970":{"start":{"line":1,"column":30316},"end":{"line":1,"column":30326}},"971":{"start":{"line":1,"column":30326},"end":{"line":1,"column":30334}},"972":{"start":{"line":1,"column":30346},"end":{"line":1,"column":30368}},"973":{"start":{"line":1,"column":30391},"end":{"line":1,"column":30410}},"974":{"start":{"line":1,"column":30411},"end":{"line":1,"column":30458}},"975":{"start":{"line":1,"column":30482},"end":{"line":1,"column":30542}},"976":{"start":{"line":1,"column":30518},"end":{"line":1,"column":30538}},"977":{"start":{"line":1,"column":30543},"end":{"line":1,"column":30581}},"978":{"start":{"line":1,"column":30604},"end":{"line":1,"column":30623}},"979":{"start":{"line":1,"column":30626},"end":{"line":1,"column":30643}},"980":{"start":{"line":1,"column":30644},"end":{"line":1,"column":30693}},"981":{"start":{"line":1,"column":30715},"end":{"line":1,"column":30734}},"982":{"start":{"line":1,"column":30737},"end":{"line":1,"column":30752}},"983":{"start":{"line":1,"column":30753},"end":{"line":1,"column":30802}},"984":{"start":{"line":1,"column":30817},"end":{"line":1,"column":30859}},"985":{"start":{"line":1,"column":30869},"end":{"line":1,"column":30905}},"986":{"start":{"line":1,"column":30914},"end":{"line":1,"column":30949}},"987":{"start":{"line":1,"column":30957},"end":{"line":1,"column":31172}},"988":{"start":{"line":1,"column":30971},"end":{"line":1,"column":31163}},"989":{"start":{"line":1,"column":30995},"end":{"line":1,"column":31008}},"990":{"start":{"line":1,"column":31008},"end":{"line":1,"column":31014}},"991":{"start":{"line":1,"column":31028},"end":{"line":1,"column":31041}},"992":{"start":{"line":1,"column":31041},"end":{"line":1,"column":31047}},"993":{"start":{"line":1,"column":31060},"end":{"line":1,"column":31073}},"994":{"start":{"line":1,"column":31073},"end":{"line":1,"column":31079}},"995":{"start":{"line":1,"column":31093},"end":{"line":1,"column":31106}},"996":{"start":{"line":1,"column":31106},"end":{"line":1,"column":31112}},"997":{"start":{"line":1,"column":31123},"end":{"line":1,"column":31136}},"998":{"start":{"line":1,"column":31136},"end":{"line":1,"column":31142}},"999":{"start":{"line":1,"column":31150},"end":{"line":1,"column":31162}},"1000":{"start":{"line":1,"column":31163},"end":{"line":1,"column":31171}},"1001":{"start":{"line":1,"column":31187},"end":{"line":1,"column":31272}},"1002":{"start":{"line":1,"column":31273},"end":{"line":1,"column":31284}},"1003":{"start":{"line":1,"column":31290},"end":{"line":1,"column":31292}},"1004":{"start":{"line":1,"column":31293},"end":{"line":1,"column":33612}},"1005":{"start":{"line":1,"column":31320},"end":{"line":1,"column":31404}},"1006":{"start":{"line":1,"column":31410},"end":{"line":1,"column":31450}},"1007":{"start":{"line":1,"column":31424},"end":{"line":1,"column":31449}},"1008":{"start":{"line":1,"column":31469},"end":{"line":1,"column":31593}},"1009":{"start":{"line":1,"column":31610},"end":{"line":1,"column":31682}},"1010":{"start":{"line":1,"column":31689},"end":{"line":1,"column":31815}},"1011":{"start":{"line":1,"column":31714},"end":{"line":1,"column":31812}},"1012":{"start":{"line":1,"column":31750},"end":{"line":1,"column":31809}},"1013":{"start":{"line":1,"column":31760},"end":{"line":1,"column":31762}},"1014":{"start":{"line":1,"column":31765},"end":{"line":1,"column":31766}},"1015":{"start":{"line":1,"column":31790},"end":{"line":1,"column":31809}},"1016":{"start":{"line":1,"column":31816},"end":{"line":1,"column":31846}},"1017":{"start":{"line":1,"column":31852},"end":{"line":1,"column":33595}},"1018":{"start":{"line":1,"column":31876},"end":{"line":1,"column":31913}},"1019":{"start":{"line":1,"column":31914},"end":{"line":1,"column":33592}},"1020":{"start":{"line":1,"column":31951},"end":{"line":1,"column":32222}},"1021":{"start":{"line":1,"column":31957},"end":{"line":1,"column":31984}},"1022":{"start":{"line":1,"column":31977},"end":{"line":1,"column":31984}},"1023":{"start":{"line":1,"column":31984},"end":{"line":1,"column":32007}},"1024":{"start":{"line":1,"column":31990},"end":{"line":1,"column":32007}},"1025":{"start":{"line":1,"column":32013},"end":{"line":1,"column":32028}},"1026":{"start":{"line":1,"column":32029},"end":{"line":1,"column":32064}},"1027":{"start":{"line":1,"column":32047},"end":{"line":1,"column":32064}},"1028":{"start":{"line":1,"column":32064},"end":{"line":1,"column":32125}},"1029":{"start":{"line":1,"column":32074},"end":{"line":1,"column":32076}},"1030":{"start":{"line":1,"column":32079},"end":{"line":1,"column":32080}},"1031":{"start":{"line":1,"column":32083},"end":{"line":1,"column":32091}},"1032":{"start":{"line":1,"column":32100},"end":{"line":1,"column":32125}},"1033":{"start":{"line":1,"column":32125},"end":{"line":1,"column":32179}},"1034":{"start":{"line":1,"column":32185},"end":{"line":1,"column":32222}},"1035":{"start":{"line":1,"column":32254},"end":{"line":1,"column":32286}},"1036":{"start":{"line":1,"column":32326},"end":{"line":1,"column":32387}},"1037":{"start":{"line":1,"column":32344},"end":{"line":1,"column":32359}},"1038":{"start":{"line":1,"column":32360},"end":{"line":1,"column":32386}},"1039":{"start":{"line":1,"column":32387},"end":{"line":1,"column":32497}},"1040":{"start":{"line":1,"column":32399},"end":{"line":1,"column":32424}},"1041":{"start":{"line":1,"column":32427},"end":{"line":1,"column":32428}},"1042":{"start":{"line":1,"column":32431},"end":{"line":1,"column":32439}},"1043":{"start":{"line":1,"column":32442},"end":{"line":1,"column":32443}},"1044":{"start":{"line":1,"column":32452},"end":{"line":1,"column":32497}},"1045":{"start":{"line":1,"column":32497},"end":{"line":1,"column":32505}},"1046":{"start":{"line":1,"column":32536},"end":{"line":1,"column":32554}},"1047":{"start":{"line":1,"column":32593},"end":{"line":1,"column":32597}},"1048":{"start":{"line":1,"column":32598},"end":{"line":1,"column":32987}},"1049":{"start":{"line":1,"column":32622},"end":{"line":1,"column":32987}},"1050":{"start":{"line":1,"column":32665},"end":{"line":1,"column":32883}},"1051":{"start":{"line":1,"column":32688},"end":{"line":1,"column":32878}},"1052":{"start":{"line":1,"column":32711},"end":{"line":1,"column":32723}},"1053":{"start":{"line":1,"column":32724},"end":{"line":1,"column":32838}},"1054":{"start":{"line":1,"column":32729},"end":{"line":1,"column":32838}},"1055":{"start":{"line":1,"column":32743},"end":{"line":1,"column":32750}},"1056":{"start":{"line":1,"column":32755},"end":{"line":1,"column":32817}},"1057":{"start":{"line":1,"column":32765},"end":{"line":1,"column":32775}},"1058":{"start":{"line":1,"column":32785},"end":{"line":1,"column":32817}},"1059":{"start":{"line":1,"column":32797},"end":{"line":1,"column":32811}},"1060":{"start":{"line":1,"column":32811},"end":{"line":1,"column":32816}},"1061":{"start":{"line":1,"column":32817},"end":{"line":1,"column":32837}},"1062":{"start":{"line":1,"column":32884},"end":{"line":1,"column":32945}},"1063":{"start":{"line":1,"column":32910},"end":{"line":1,"column":32938}},"1064":{"start":{"line":1,"column":32959},"end":{"line":1,"column":32984}},"1065":{"start":{"line":1,"column":32987},"end":{"line":1,"column":33008}},"1066":{"start":{"line":1,"column":33051},"end":{"line":1,"column":33066}},"1067":{"start":{"line":1,"column":33069},"end":{"line":1,"column":33085}},"1068":{"start":{"line":1,"column":33086},"end":{"line":1,"column":33442}},"1069":{"start":{"line":1,"column":33092},"end":{"line":1,"column":33230}},"1070":{"start":{"line":1,"column":33100},"end":{"line":1,"column":33230}},"1071":{"start":{"line":1,"column":33230},"end":{"line":1,"column":33441}},"1072":{"start":{"line":1,"column":33240},"end":{"line":1,"column":33246}},"1073":{"start":{"line":1,"column":33249},"end":{"line":1,"column":33250}},"1074":{"start":{"line":1,"column":33253},"end":{"line":1,"column":33259}},"1075":{"start":{"line":1,"column":33272},"end":{"line":1,"column":33441}},"1076":{"start":{"line":1,"column":33467},"end":{"line":1,"column":33475}},"1077":{"start":{"line":1,"column":33520},"end":{"line":1,"column":33563}},"1078":{"start":{"line":1,"column":33564},"end":{"line":1,"column":33589}},"1079":{"start":{"line":1,"column":33596},"end":{"line":1,"column":33607}},"1080":{"start":{"line":1,"column":33627},"end":{"line":1,"column":33631}},"1081":{"start":{"line":1,"column":33632},"end":{"line":1,"column":34117}},"1082":{"start":{"line":1,"column":33645},"end":{"line":1,"column":33792}},"1083":{"start":{"line":1,"column":33817},"end":{"line":1,"column":33887}},"1084":{"start":{"line":1,"column":33912},"end":{"line":1,"column":34017}},"1085":{"start":{"line":1,"column":34042},"end":{"line":1,"column":34104}},"1086":{"start":{"line":1,"column":34141},"end":{"line":1,"column":34222}},"1087":{"start":{"line":1,"column":34244},"end":{"line":1,"column":34270}},"1088":{"start":{"line":1,"column":34286},"e
[...]
GAAG,GAAGA,EAAEkP,UAAU,MAAM,GAAG9K,EAAEtC,EAAE9B,EAAEmP,WAAW,aAAaxN,GAAG,OAAOyC,EAAEiJ,QAAQvN,EAAEC,GAAG,MAAMC,EAAEwJ,KAAK4D,OAAOtN,EAAEC,GAAG,OAAO0E,EAAEoD,OAAO7H,GAAG2N,YAAY,OAAOnE,KAAKmF,OAAO2B,UAAU9C,UAAU,OAAOhE,KAAKmF,OAAOhI,OAAO+G,WAAW,OAAOlE,KAAKmF,OAAOc,SAAS3B,MAAMhO,GAAG,IAAI0J,KAAKzD,KAAK,MAAM,GAAG,GAAG,iBAAiBjG,EAAE,MAAM,CAAC0J,KAAK6B,IAAI,IAAI,MAAMtL,EAAE,GAAG,IAAI,IAAIC,EAAE,EAAEA,EAAEwJ,KAAKzD,MAAM/F,EAAEF,IAAIE,EAAED,EAAE6L,KAAKpC,KAAK6B,IAAIrL,IAAI,OAAOD,EAAEmB,KAAKpB,GAAG,IAAI0J,KAAKzD,KAAK,MAAM,GAAG,GAAG,iBAAiBjG,EAAE,MAAM,CAAC0J,KAAK6B,IAAI,IAAI,MAAMtL,EAAE,GAAG,IAAI,IAAIC,EAAE,EAAEA,EAAEwJ,KAAKzD,MAAM/F,EAAEF,IAAIE,EAAE,CAAC,MAAMF,EAAE0J,KAAKzD,KAAK/F,EAAE,EAAED,EAAE6L,KAAKpC,KAAK6B,IAAIvL,IAAI,OAAOC,EAAMgO,gBAAY,GAAGvE,KAAKzD,KAAK,OAAOyD,KAAK6B,IAAI,GAAO2C,eAAW,GAAGxE,KAAKzD,KAAK,OAAOyD,KAAK6B,IAAI7B,KAAKzD,KAAK,IAAI,MAAMI,UAAUD,EAAEkE,YAAYtK,EAAEC,GAAGsQ,MAAMvQ,EAAEC,GAAGyJ,KAAKmF,OAAO7O,EAAMiG,WAAO,OAAOyD,KAAKkD,MAAMpK,OAAWkK,YAAQ,OAAOhD,KAAKkD,MAAMoE,MAAM,IAAI7D,QAAQnN,GAAG,OAAOA,aAAaoH,OAAOpH,EAAEsD,KAAKoG,KAAKkD,OAAOlD,KAAKkD,MAAM3K,SAASjC,GAAGoN,OAAOpN,GAAG,QAAQA,EAAE,IAAKA,GAAG,GAAGA,EAAE0J,KAAKzD,KAAMoH,MAAMrN,GAAG,MAAMC,EAAEyJ,KAAKkD,MAAMsD,QAAQlQ,GAAG,IAAI,IAAIC,EAAE,OAAOA,EAAEY,IAAIb,EAAEC,GAAG,MAAMC,EAAEwJ,KAAKkD,MAAMqE,UAAU,EAAEjR,IAAI,GAAGG,EAAEuJ,KAAKkD,MAAMqE,UAAUjR,EAAEqQ,KAAKa,IAAIjR,EAAEuC,OAAO,KAAK,GAAG,OAAOkH,KAAKgF,OAAOxO,EAAED,EAAEE,EAAE,MAAMH,EAAEC,GAAGyJ,KAAK6B,IAAIvL,GAAG,KAAKA,EAAE,GAAGA,EAAE0J,KAAKzD,MAAM,OAAOyD,KAAKkD,MAAMqE,UAAUjR,EAAEA,EAAE,GAAGgN,UAAUhN,GAAG,OAAOsC,MAAMC,QAAQvC,GAAG0J,KAAKwD,QAAQ,CAACjN,EAAEC,KAAK2E,EAAEoL,QAAQ/P,EAAEF,EAAE0J,QAAQA,KAAK7I,IAAIb,EAAE,IAAIiN,WAAWjN,GAAG,GAAGsC,MAAMC,QAAQvC,GAAG,CAAC,MAAMC,EAAEyJ,KAAKoD,MAAM,CAACN,OAAM,IAAKvM,EAAEiN,QAAQjN,IAAI4E,EAAEgL,SAAS5P,EAAED,EAAE0J,QAAQA,KAAKgF,OAAOzO,EAAE2M,MAAM,aAAa5M,GAAG,IAAIC,EAAEyJ,KAAKkD,MAAM1M,EAAED,EAAEuC,OAAO,GAAGtC,EAAED,EAAEuC,OAAOvC,EAAEA,EAAEqH,QAAQtH,EAAE,UAAUC,GAAGA,EAAEuC,OAAOtC,GAAG,OAAOwJ,KAAKgF,OAAOzO,EAAE,aAAaD,GAAG0J,KAAKC,QAAQ,OAAOD,KAAKgF,OAAO,GAAG,SAAShF,KAAKyH,UAAU,OAAO,IAAI9K,EAAEqD,KAAKgD,MAAMyE,UAAUC,KAAK,KAAK5D,KAAKxN,GAAG,MAAMC,EAAE0E,EAAEoD,OAAO2B,KAAKkD,MAAMoE,MAAM,IAAItH,KAAKqF,aAAa,CAACvC,OAAM,KAAM,OAAOvM,EAAEuN,KAAK9D,KAAKoF,OAAO9O,IAAI0J,KAAKgF,OAAOzO,EAAE2M,MAAMwE,KAAK,IAAI,OAAOpR,GAAG0J,KAAKoD,MAAM9M,GAAG,OAAO,IAAIqG,EAAEqD,KAAKkD,MAAMlD,KAAKqF,aAAa/O,IAAI+M,WAAW/M,GAAG,OAAO,IAAIqG,EAAE,GAAGqD,KAAKqF,aAAa/O,IAAIkN,OAAOlN,GAAG,MAAMC,EAAEyJ,KAAK4D,QAAM,CAAGrN,EAAEC,EAAEC,EAAEmE,EAAEzC,IAAI7B,EAAEE,EAAEC,EAAEuJ,KAAKkD,MAAM/K,IAAIA,EAAEsN,SAAS,GAAGlP,IAAIC,IAAID,GAAG,IAAI,OAAOyJ,KAAKgF,OAAOzO,EAAE,SAASD,GAAG0J,KAAK2H,WAAWrR,EAAEC,EAAEC,EAAEe,OAAO,GAAG,iBAAiBjB,GAAGsC,MAAMC,QAAQvC,GAAG,CAAC,MAAMC,EAAE,IAAIoG,EAAEqD,KAAKkD,OAAO,OAAO3M,EAAEgN,WAAWjN,GAAGC,EAAE,OAAOyJ,KAAK2H,WAAWrR,EAAE4M,OAAO0E,MAAMtR,EAAEC,EAAEC,EAAEe,OAAO,GAAG,iBAAiBjB,EAAE,OAAO0J,KAAK4H,MAAMtR,EAAEgR,MAAM,KAAK,GAAG1O,MAAMC,QAAQvC,GAAG,CAAC,MAAMC,EAAE,IAAIyJ,KAAKgD,SAAS1M,GAAGsN,QAAM,CAAGtN,EAAEC,IAAID,EAAEiC,SAAShC,GAAGD,EAAEA,EAAEC,GAAG,IAAI,OAAO,IAAIoG,EAAEpG,GAAG,OAAOyJ,KAAK4H,MAAMtR,EAAE4M,OAAOjM,IAAIX,GAAG,MAAMC,EAAE,IAAI2E,EAAE1E,EAAE,GAAGC,EAAEuJ,KAAKmE,YAAY,IAAIvJ,GAAE,EAAG,EAAE,CAAC,GAAGA,EAAEnE,EAAE2P,OAAOC,KAAKzL,EAAE,MAAM,MAAMzC,EAAE0C,GAAGpE,EAAE6P,MAAMjO,EAAE/B,EAAEuE,EAAE1C,EAAE6H,KAAKmF,OAAO5O,GAAG,GAAGA,EAAEmP,UAAU,MAAM,GAAGlP,EAAE4L,KAAK/J,GAAG9B,EAAEoP,WAAW,aAAa/K,GAAG,OAAOoF,KAAKgF,OAAOxO,EAAEkR,KAAK,IAAI,MAAMpR,GAAG0J,KAAK6H,aAAavR,GAAG,GAAG,iBAAiBA,EAAE,OAAO0J,KAAK6H,aAAavR,EAAEgR,MAAM,KAAK,GAAG1O,MAAMC,QAAQvC,GAAG,CAAC,MAAMC,EAAEyJ,KAAKgD,MAAMQ,QAAQjN,GAAGD,EAAEiC,SAAShC,KAAK,OAAO,IAAIoG,EAAEpG,EAAEmR,KAAK,KAAK,OAAO1H,KAAK6H,aAAavR,EAAE0M,OAAOmB,YAAY,OAAOnE,KAAKgD,MAAM8D,UAAU9C,UAAU,OAAOhE,KAAK7C,KAAK/E,OAAO6L,YAAYC,WAAW,OAAOlE,KAAKgD,MAAM5K,OAAO6L,YAAYG,SAAS9N,EAAEC,GAAG,OAAOyJ,KAAKgF,OAAO,GAAGhF,KAAKkD,QAAQ5M,IAAI,aAAa0J,KAAKqE,UAAU/N,EAAEC,GAAG,OAAOyJ,KAAKgF,OAAO,GAAG1O,IAAI0J,KAAKkD,QAAQ,aAAalD,KAAK0E,cAAc,MAAMpO,EAAE0J,KAAKkD,MAAMqE,UAAU,EAAE,GAAGhR,EAAEyJ,KAAKkD,MAAMqE,UAAU,GAAG,OAAOvH,KAAKgF,OAAOzO,EAAE,eAAeD,EAAEmO,aAAa,MAAMnO,EAAE0J,KAAKkD,MAAMqE,UAAUvH,KAAKzD,KAAK,GAAGhG,EAAEyJ,KAAKkD,MAAMqE,UAAU,EAAEvH,KAAKzD,KAAK,GAAG,OAAOyD,KAAKgF,OAAOzO,EAAE,cAAcD,EAAEgO,MAAMhO,GAAG,OAAO0J,KAAKzD,MAAM,iBAAiBjG,EAAE,CAAC0J,KAAKkD,MAAMqE,UAAU,EAAE,IAAItM,EAAEoD,OAAO2B,KAAKgD,OAAOsB,MAAMhO,GAAGoB,KAAKpB,GAAG,OAAO0J,KAAKzD,MAAM,iBAAiBjG,EAAE,CAAC0J,KAAKkD,MAAMqE,UAAUvH,KAAKzD,KAAK,IAAItB,EAAEoD,OAAO2B,KAAKgD,OAAOtL,KAAKpB,IAAI,MAAMsG,UAAUF,EAAEkE,YAAYtK,EAAEC,GAAGsQ,MAAMvQ,EAAEC,GAAGyJ,KAAKgF,OAAO1O,EAAE,eAAe0J,KAAKmF,OAAO7O,EAAMiG,WAAO,OAAOyD,KAAKkD,MAAMpK,OAAWkK,YAAQ,MAAM,IAAIhD,KAAKkD,OAAOrB,IAAIvL,GAAG,OAAO0J,KAAKkD,MAAM5M,GAAGa,IAAIb,EAAEC,GAAG,MAAMC,EAAE,IAAIwJ,KAAKkD,OAAO,OAAO1M,EAAEF,GAAGC,EAAEyJ,KAAKgF,OAAOxO,EAAE,MAAMF,EAAEC,GAAGyJ,KAAK2D,MAAMrN,GAAG,IAAIC,EAAEyJ,KAAKkD,MAAMsD,QAAQlQ,GAAG,OAAO,IAAIC,IAAIA,OAAE,GAAQA,EAAEkN,QAAQnN,GAAG,OAAO0J,KAAKkD,MAAM3K,SAASjC,GAAG2J,QAAQ,OAAOD,KAAKgF,OAAO,GAAG,SAAShF,KAAKsD,UAAUhN,GAAG,OAAO0J,KAAKwD,QAAQ,CAACjN,EAAEC,KAAK2E,EAAEoL,QAAQ/P,EAAEF,EAAE0J,QAAQuD,WAAWjN,GAAG,OAAO0J,KAAKkD,MAAMM,QAAQjN,IAAI4E,EAAEgL,SAAS5P,EAAED,EAAE0J,QAAQ0D,OAAOpN,GAAG,OAAOA,GAAG,GAAGA,EAAE0J,KAAKzD,QAAQjG,EAAE,GAAGwN,KAAKxN,EAAE6F,GAAG,OAAO6D,KAAKgF,OAAOhF,KAAKkD,MAAMY,KAAK9D,KAAKoF,OAAO9O,IAAI,OAAOA,GAAG0J,KAAKoD,MAAM9M,GAAG,OAAO,IAAIsG,EAAE,IAAIoD,KAAKkD,OAAOlD,KAAKqF,aAAa/O,IAAI+M,WAAW/M,GAAG,OAAO,IAAIsG,EAAE,GAAGoD,KAAKqF,aAAa/O,IAAIkN,OAAOlN,GAAG,MAAMC,EAAE,IAAI2E,EAAE1E,EAAE,GAAG,IAAI,IAAIC,EAAE,EAAEA,EAAEuJ,KAAKzD,KAAK9F,GAAG,EAAE,CAAC,MAAMmE,EAAEoF,KAAK6B,IAAIpL,GAAG0B,EAAE7B,EAAEsE,EAAEnE,EAAEuJ,KAAKkD,MAAM3M,GAAG,GAAGA,EAAEmP,UAAU,MAAM,GAAGvN,GAAG3B,EAAE4L,KAAKxH,GAAGrE,EAAEqP,OAAO,MAAM,OAAO5F,KAAKgF,OAAOxO,EAAE,SAASF,GAAG0J,KAAKoE,SAAS9N,EAAEC,GAAG,OAAOyJ,KAAKgF,OAAO,IAAIhF,KAAKkD,MAAM5M,GAAG,aAAa0J,KAAKqE,UAAU/N,EAAEC,GAAG,OAAOyJ,KAAKgF,OAAO,CAAC1O,KAAK0J,KAAKkD,OAAO,aAAalD,KAAK0E,cAAc,MAAMpO,EAAE,IAAI0J,KAAKkD,OAAO3M,EAAED,EAAEmQ,QAAQ,OAAOzG,KAAKgF,OAAO1O,EAAE,eAAeC,EAAEkO,aAAa,MAAMnO,EAAE,IAAI0J,KAAKkD,OAAO3M,EAAED,EAAE6L,MAAM,OAAOnC,KAAKgF,OAAO1O,EAAE,eAAeC,EAAE+N,MAAMhO,GAAG,OAAOA,EAAE0J,KAAKkD,MAAMjC,MAAM,EAAE3K,GAAG,CAAC0J,KAAKkD,MAAM,IAAIxL,KAAKpB,GAAG,OAAOA,EAAE0J,KAAKkD,MAAMjC,OAAO3K,GAAG,CAAC0J,KAAKkD,MAAMlD,KAAKzD,KAAK,IAAQgI,gBAAY,GAAGvE,KAAKzD,KAAK,OAAOyD,KAAKkD,MAAM,GAAOsB,eAAW,GAAGxE,KAAKzD,KAAK,OAAOyD,KAAKkD,MAAMlD,KAAKzD,KAAK,IAAI,MAAMO,UAAU1B,EAAEwF,YAAYtK,EAAEC,GAAGsQ,MAAMvQ,EAAEC,GAAGyJ,KAAKgF,OAAO1O,EAAE,cAAcC,GAAGyJ,KAAKmF,OAAO7O,EAAMiG,WAAO,OAAO3D,MAAMsN,KAAKlG,KAAK7C,MAAMrE,OAAWqE,WAAO,OAAOvE,MAAMsN,KAAKtO,OAAOuF,KAAK6C,KAAKkD,QAAYF,YAAQ,OAAOpK,MAAMsN,KAAKtO,OAAOqO,OAAOjG,KAAKkD,QAAQrB,IAAIvL,GAAG,OAAO0J,KAAKkD,MAAM5M,GAAGa,IAAIb,EAAEC,GAAG,OAAOyJ,KAAKmF,OAAO7O,GAAGC,EAAEyJ,KAAK2D,MAAMrN,GAAG,MAAMC,EAAEyJ,KAAK7C,KAAK,IAAI,IAAI3G,EAAE,EAAEA,EAAED,EAAEuC,OAAOtC,GAAG,EAAE,CAAC,MAAMC,EAAEF,EAAEC,GAAGoE,EAAEoF,KAAK6B,IAAIpL,GAAG,GAAG0E,EAAEgL,SAASvL,EAAEtE,EAAE0J,MAAM,OAAOvJ,GAAGgN,QAAQnN,GAAG,OAAO0J,KAAKgD,MAAMgD,MAAMzP,GAAG4E,EAAEgL,SAAS5P,EAAED,EAAE0J,QAAQ0D,OAAOpN,GAAG,OAAO0J,KAAK7C,KAAK6I,MAAMzP,GAAG4E,EAAEoL,QAAQhQ,EAAED,EAAE0J,QAAQC,QAAQ,OAAOD,KAAKgF,OAAO,GAAG,SAAShF,KAAKsD,UAAUhN,GAAG,MAAMC,EAAEqB,OAAO2B,OAAO,GAAGyG,KAAKkD,OAAO,cAAc3M,EAAED,GAAG0J,KAAKgF,OAAOzO,EAAE,YAAYD,GAAG0J,KAAK8D,KAAKxN,EAAE6F,GAAG,MAAM5F,EAAEqC,MAAMsN,KAAKlG,KAAK7C,MAAM2G,KAAK9D,KAAKoF,OAAO9O,IAAIE,EAAE,GAAG,OAAOD,EAAEiG,SAASlG,IAAIE,EAAEF,GAAG0J,KAAK6B,IAAIvL,MAAM0J,KAAKgF,OAAOxO,EAAE,OAAOF,GAAG0J,KAAKoD,MAAM9M,GAAG,OAAO,IAAIwG,EAAEhC,EAAEkF,KAAKmF,QAAQnF,KAAKqF,aAAa/O,IAAI+M,WAAW/M,GAAG,OAAO,IAAIwG,EAAE,GAAGkD,KAAKqF,aAAa/O,IAAI0N,UAAU,OAAOpM,OAAOuF,KAAK6C,KAAKkD,OAAO9K,OAAO6L,YAAYC,WAAW,OAAOtM,OAAOqO,OAAOjG,KAAKkD,OAAO9K,OAAO6L,YAAYE,YAAY,OAAOvM,OAAOkP,QAAQ9G,KAAKkD,OAAO9K,OAAO6L,YAAYG,SAAS9N,EAAEC,GAAG,QAAG,IAASA,EAAE,MAAM,IAAI8C,MAAM,uEAAuE,OAAO2G,KAAK7I,IAAIuL,OAAOnM,GAAGD,GAAG0J,KAAKqE,UAAU/N,EAAEC,GAAG,QAAG,IAASA,EAAE,MAAM,IAAI8C,MAAM,uEAAuE,MAAM7C,EAAEwJ,KAAKqD,WAAW,CAACP,OAAM,IAAK,OAAOtM,EAAEW,IAAIuL,OAAOnM,GAAGD,GAAG0J,KAAKxD,SAAS,CAAClG,EAAEG,KAAKuJ,KAAK6C,SAAStM,EAAEE,IAAID,EAAEW,IAAIV,EAAEH,MAAM0J,KAAKgF,OAAOxO,EAAE0M,MAAM,aAAalD,MAAM,MAAMjD,UAAU9B,EAAE2F,YAAYtK,EAAEC,GAAGsQ,MAAMvQ,EAAEC,GAAGyJ,KAAKmF,OAAO7O,EAAE2J,QAAQ,OAAOD,KAAKgF,OAAO,IAAIjL,IAAI,SAASiG,KAAKoD,MAAM9M,GAAG,OAAO,IAAIyG,EAAE,IAAIhD,IAAIiG,KAAKkD,OAAOlD,KAAKqF,aAAa/O,IAAIiN,WAAWjN,GAAG,MAAMC,EAAE,IAAIwD,IAAIiG,KAAKmF,QAAQ,OAAO5O,EAAE0L,OAAO3L,GAAG0J,KAAKgF,OAAOzO,EAAE,cAAcyJ,KAAKsD,UAAUhN,GAAG,GAAGsC,MAAMC,QAAQvC,GAAG,CAAC,MAAMC,EAAEyJ,KAAK4D,QAAQ,CAACrN,EAAEC,EAAEC,KAAKH,EAAEiC,SAAS9B,IAAIF,EAAE2F,IAAI1F,GAAGD,IAAI,IAAIwD,KAAK,OAAOiG,KAAKgF,OAAOzO,EAAE,aAAayJ,KAAK,GAAGA,KAAK0D,OAAOpN,GAAG,CAAC,MAAMC,EAAEyJ,KAAK6B,IAAIvL,GAAGE,EAAE,IAAIuD,IAAIiG,KAAKmF,QAAQ3O,EAAEyL,OAAO1L,GAAGyJ,KAAKgF,OAAOxO,EAAE,aAAa,OAAOwJ,KAAK9D,IAAI5F,GAAG,MAAMC,EAAE,IAAIwD,IAAIiG,KAAKmF,QAAQ,OAAO5O,EAAE2F,IAAI5F,GAAG0J,KAAKgF,OAAOzO,EAAE,OAAOiN,OAAOlN,GAAG,MAAMC,EAAE,IAAIwD,IAAIiG,KAAKmF,QAAQ,OAAOnF,KAAKxD,SAAS,CAAChG,EAAEC,EAAEmE,EAAEzC,KAAK,MAAM0C,EAAEvE,EAAEE,EAAEC,EAAEmE,EAAEzC,GAAGA,EAAEsN,UAAU5K,GAAGtE,EAAE2F,IAAI1F,MAAMwJ,KAAKgF,OAAOzO,EAAE,UAAUyJ,KAAKxD,QAAQlG,GAAG,MAAMC,EAAEyJ,KAAKoD,MAAMpD,KAAKqF,aAAa,CAACvC,OAAM,KAAMtM,EAAE,IAAI0E,EAAEzE,EAAEF,EAAE4N,YAAY,IAAIvJ,GAAE,EAAG,EAAE,CAAC,MAAMrE,EAAEE,EAAE2P,OAAO,GAAGxL,IAAIrE,EAAE8P,KAAKzL,EAAE,MAAM,MAAMzC,EAAE0C,GAAGtE,EAAE+P,MAAM,GAAGhQ,EAAEuE,EAAE1C,EAAE6H,KAAKkD,MAAM1M,IAAIA,EAAEiP,SAAS,aAAa7K,GAAG,OAAOoF,KAAK6B,IAAIvL,GAAG,KAAK0J,KAAKzD,MAAMjG,GAAG,OAAO0J,KAAKgD,MAAM1M,GAAGmN,QAAQnN,GAAG,QAAQ0J,KAAKkD,MAAMhB,IAAI5L,IAAI0J,KAAK4D,QAAM,CAAGrN,EAAEC,EAAEC,EAAEmE,EAAEzC,IAAI6H,KAAK4C,UAAUpM,EAAEF,IAAI6B,EAAE0N,SAAQ,GAAItP,IAAG,GAAImN,OAAOpN,GAAG,MAAM,iBAAiBA,GAAG0J,KAAKzD,KAAKjG,EAAE4N,WAAW,OAAOlE,KAAKkD,MAAM+C,SAASjC,UAAU,MAAM1N,EAAE,GAAG,IAAI,IAAIC,EAAE,EAAEA,EAAEyJ,KAAKzD,KAAKhG,GAAG,EAAED,EAAE8L,KAAK7L,GAAG,OAAO0E,EAAEoD,OAAO/H,GAAG0N,UAAUL,MAAMrN,GAAG,GAAG0J,KAAKyD,QAAQnN,GAAG,OAAO0J,KAAK4D,SAASrN,EAAEC,EAAEC,EAAEmE,EAAEzC,IAAI6H,KAAK4C,UAAUtM,EAAEE,IAAI2B,EAAE0N,QAAQpP,GAAGF,QAAG,GAAQU,IAAIX,GAAG,MAAMC,EAAE,IAAIwD,IAAI,OAAOiG,KAAKxD,SAAO,CAAGhG,EAAEC,EAAEmE,EAAEzC,KAAK,MAAM0C,EAAEvE,EAAEE,EAAEC,EAAEuJ,KAAKkD,MAAM/K,GAAGA,EAAEsN,UAAUlP,EAAE2F,IAAIrB,MAAMmF,KAAKgF,OAAOzO,EAAE,OAAOyJ,KAAK4D,OAAOtN,EAAEC,GAAG,OAAO0E,EAAEoD,OAAO2B,KAAKgD,MAAMhD,KAAKsF,SAAS1B,QAAQ,CAACrN,EAAEC,EAAEC,EAAEmE,EAAEzC,IAAI7B,EAAEC,EAAEC,EAAEC,EAAEuJ,KAAKkD,MAAM/K,IAAI5B,GAAGsN,QAAQvN,EAAEC,GAAG,OAAOyJ,KAAKxH,EAAEoL,OAAOtN,EAAEC,GAAGY,IAAIb,EAAEC,GAAG,OAAO4D,QAAQ+K,KAAK,qGAAqG5O,EAAE0J,KAAKzD,KAAKyD,KAAK9D,IAAI3F,GAAGyJ,KAAK/I,MAAMT,EAAEC,IAAIA,IAAIH,EAAEC,EAAEC,IAAIsN,KAAKxN,GAAG,MAAMC,EAAE0E,EAAEoD,OAAO2B,KAAKgD,MAAMhD,KAAKsF,SAAS,OAAO/O,EAAEuN,KAAKxN,GAAG0J,KAAKgF,OAAO,IAAIjL,IAAIxD,EAAE2M,OAAO,QAAQlD,KAAKmE,YAAY,OAAOlJ,EAAEoD,OAAO2B,KAAKgD,OAAOmB,YAAgBnB,YAAQ,OAAOpK,MAAMsN,KAAKlG,KAAKkD,MAAM+C,UAAc9I,WAAO,MAAM7G,EAAE,GAAG,IAAI,IAAIC,EAAE,EAAEA,EAAEyJ,KAAKzD,KAAKhG,GAAG,EAAED,EAAE8L,KAAK7L,GAAG,OAAOD,EAAMiG,WAAO,OAAOyD,KAAKkD,MAAM3G,KAAK6H,SAAS9N,EAAEC,GAAG,MAAMC,EAAE,IAAIuD,IAAIiG,KAAKkD,OAAO,OAAO1M,EAAE0F,IAAI5F,GAAG0J,KAAKgF,OAAOxO,EAAE,aAAawJ,KAAKqE,UAAU/N,EAAEC,GAAG,MAAMC,EAAE,IAAIuD,IAAI,CAACzD,KAAK0J,KAAKgD,MAAMQ,QAAQjN,IAAIyJ,KAAK4C,UAAUrM,EAAED,OAAO,OAAO0J,KAAKgF,OAAOxO,EAAE,aAAawJ,KAAK0E,cAAc,MAAMpO,EAAE,IAAIyD,IAAIiG,KAAKkD,OAAO3M,EAAEyJ,KAAK7C,KAAKsJ,QAAQ,OAAOnQ,EAAE2L,OAAO1L,GAAGyJ,KAAKgF,OAAO1O,EAAE,eAAeC,EAAEkO,aAAa,MAAMnO,EAAE,IAAIyD,IAAIiG,KAAKkD,OAAO3M,EAAEyJ,KAAK7C,KAAKgF,MAAM,OAAO7L,EAAE2L,OAAO1L,GAAGyJ,KAAKgF,OAAO1O,EAAE,eAAeC,EAAE8M,WAAW/M,GAAG,OAAO,IAAIyG,EAAE,IAAIhD,IAAIiG,KAAKqF,aAAa/O,IAAIgO,MAAMhO,GAAG,OAAO2E,EAAEoD,OAAO2B,KAAKgD,OAAOsB,MAAMhO,GAAGoB,KAAKpB,GAAG,OAAO2E,EAAEoD,OAAO2B,KAAKgD,OAAOtL,KAAKpB,IAAI,IAAI0G,EAAE,CAACxG,EAAEC,KAAK,IAAImE,EAAE,OAAOV,EAAE1D,IAAI,KAAKD,EAAEU,IAAI2D,EAAE,IAAIwB,EAAE5F,EAAEC,GAAG,MAAM,KAAKH,EAAEI,OAAOkE,EAAE,IAAI+B,EAAEnG,EAAEC,GAAG,MAAM,KAAKF,EAAES,MAAM4D,EAAE,IAAIgC,EAAEpG,EAAEC,GAAG,MAAM,KAAKF,EAAEW,OAAO0D,EAAE,IAAIkC,EAAEtG,EAAEC,GAAG,MAAM,KAAKF,EAAEY,IAAIyD,EAAE,IAAImC,EAAEvG,EAAEC,GAAG,MAAM,QAAQmE,EAAE,IAAI6B,EAAEjG,EAAEC,GAAG,OAAOmE,uGAAGK,EAAEoD,OAAOrB,wBCAz78B,SAAS8K,KAAUlQ,OAAOmQ,eAAepN,EAAQ,aAAa,CAAC2L,OAAM,IAAK3L,EAAAqN,+BAAkC,EAAO,IAAIC,EAAS,SAAS1R,EAAED,GAAG0J,KAAKuF,GAAGhP,EAAEyJ,KAAKkI,KAAK5R,IAAG,GAAI,SAAS6R,EAAS5R,EAAED,EAAEsE,GAAGrE,EAAE6R,QAAQ9R,GAAGsC,MAAMC,QAAQtC,EAAE6R,QAAQ9R,IAAIC,EAAE6R,QAAQ9R,GAAG8L,KAAKxH,GAAGrE,EAAE6R,QAAQ9R,GAAG,CAACC,EAAE6R,QAAQ9R,GAAGsE,IAAIrE,EAAE6R,QAAQ9R,GAAGsE,EAAErE,EAAE8R,eAA+M,SAASC,EAAW/R,EAAED,GAAG,KAAKC,EAAE8R,aAAa9R,EAAE6R,QAAQ,IAAIN,EAAOvR,EAAE8R,YAAY,UAAU9R,EAAE6R,QAAQ9R,GAAG,IAAI0R,EAA0B,WAAW,SAASzR,KAAK,OAAOA,EAAEsG,UAAU0L,KAAK,SAAShS,GAAG,IAAI,IAAID,EAAE,GAAGsE,EAAE,EAAEA,EAAE4N,UAAU1P,OAAO8B,IAAItE,EAAEsE,EAAE,GAAG4N,UAAU5N,IAAIrE,EAA1H,GAA+HoE,EAAAqN,0BAAkCA,EAA0B,IAAIS,EAAa,WAAW,SAASlS,IAAIyJ,KAAKoI,QAAQ,IAAIN,EAAO9H,KAAKqI,YAAY,EAAE,OAAO9R,EAAEsG,UAAU6L,IAAI,SAASnS,EAAED,GAAG,GAAGC,EAAE,CAAC,IAAIyJ,KAAKoI,QAAQ7R,GAAG,OAAO,IAAID,EAAE,OAAOgS,EAAWtI,KAAKzJ,GAAG,IAAIqE,EAAEoF,KAAKoI,QAAQ7R,GAAG,GAAGqE,EAAE2K,IAAI3K,EAAE2K,KAAKjP,EAAE,OAAOgS,EAAWtI,KAAKzJ,GAAG,IAAI,IAAIC,EAAE,GAAG2B,EAAE,EAAE0C,EAAED,EAAE9B,OAAOX,EAAE0C,EAAE1C,IAAIyC,EAAEzC,GAAGoN,IAAIjP,GAAGE,EAAE4L,KAAKxH,EAAEzC,IAAI3B,EAAEsC,OAAOkH,KAAKoI,QAAQ7R,GAAG,IAAIC,EAAEsC,OAAOtC,EAAE,GAAGA,EAAE8R,EAAWtI,KAAKzJ,QAAQyJ,KAAKoI,QAAQ,IAAIN,EAAO9H,KAAKqI,YAAY,GAAG9R,EAAEsG,UAAU8L,OAAO,WAAW,OAAO/Q,OAAOuF,KAAK6C,KAAKoI,UAAU7R,EAAEsG,UAAU+L,cAAc,SAASrS,GAAG,GAAG,MAAMA,EAAE,CAAC,IAAID,EAAE0J,KAAKoI,QAAQ7R,GAAG,OAAOD,EAAEA,EAAEiP,GAAG,EAAEjP,EAAEwC,OAAO,EAAE,IAAI,IAAI8B,EAAEpE,EAAEoB,OAAOuF,KAAK6C,KAAKoI,SAASjQ,EAAE,EAAE0C,EAAErE,EAAEsC,OAAOrC,EAAE,EAAEA,EAAEoE,EAAEpE,KAAKmE,EAAEoF,KAAKoI,QAAQ5R,EAAEC,OAAO0B,GAAGyC,EAAE2K,GAAG,EAAE3K,EAAE9B,QAAQ,OAAOX,GAAG5B,EAAEsG,UAAUgM,GAAG,SAAStS,EAAED,GAAG6R,EAASnI,KAAKzJ,EAAE,IAAI0R,EAAS3R,KAAKC,EAAEsG,UAAUqL,KAAK,SAAS5R,EAAEsE,GAAG,IAAIpE,EAAEwJ,KAAK,GAAG,mBAAmBpF,EAAE,OAAO,IAAIkO,QAAQlO,EAAE,SAASzC,EAAE0C,GAAG,IAAIpE,EAAEuD,EAAE+O,YAAY,YAA73C,SAAiCxS,EAAED,EAAEsE,GAAG,IAAIpE,EAAED,EAAE6R,QAAQ9R,GAAG,GAAGE,EAAE,GAAGA,EAAE+O,IAAI/O,GAAGoE,EAAE0N,EAAW/R,EAAED,OAAO,CAAC,IAAI,IAAI6B,EAAE3B,EAAEsC,OAAO,EAAEX,GAAG,EAAEA,IAAI,GAAG3B,EAAE2B,IAAIyC,EAAE,CAACpE,EAAEiI,OAAOtG,EAAE,GAAG,MAAM,IAAI3B,EAAEsC,QAAQwP,EAAW/R,EAAED,KAA4sC0S,CAAwBxS,EAAEF,EAAEG,GAAGoE,EAAEtE,EAAE0S,6BAA6BrO,GAAGuN,EAAS3R,EAAEF,EAAEG,EAAE,IAAIwR,GAAU,WAAWiB,aAAalP,GAAG7B,EAAEqQ,cAAa,KAAM,SAASjS,GAAG,OAAO4R,EAAS3R,EAAEF,EAAE,IAAI2R,EAAS1R,GAAE,MAAO4R,EAASnI,KAAK1J,EAAE,IAAI2R,EAASrN,GAAE,KAAMrE,EAAEsG,UAAU0L,KAAK,SAAShS,EAAED,EAAEsE,EAAEpE,GAAG,IAAI2B,EAAE6H,KAAKoI,QAAQ7R,GAAGsE,EAAE2N,UAAU1P,OAAO,GAAGX,EAAE,CAAC,GAAGA,EAAEoN,GAAG,OAAOpN,EAAE+P,MAAMI,EAAWtI,KAAKzJ,GAAG,GAAGsE,EAAE1C,EAAEoN,KAAK,GAAG1K,EAAE1C,EAAEoN,GAAGjP,GAAG,GAAGuE,EAAE1C,EAAEoN,GAAGjP,EAAEsE,GAAG,GAAGC,EAAE1C,EAAEoN,GAAGjP,EAAEsE,EAAEpE,GAAG2B,EAAEoN,GAAG4D,MAAM,KAAKvQ,MAAMsN,KAAKsC,WAAWvH,MAAM,IAAI,IAAI,IAAIxK,OAAE,EAAOuD,EAAE,EAAEjB,OAAE,EAAOiB,EAAE7B,EAAEW,SAASC,EAAEZ,EAAE6B,IAAIkO,MAAM/P,EAAEsG,OAAOzE,EAAE,GAAG,IAAI7B,EAAEW,QAAQwP,EAAWtI,KAAKzJ,IAAIyD,IAAI,GAAGa,EAAE9B,EAAEwM,KAAK,GAAG1K,EAAE9B,EAAEwM,GAAGjP,GAAG,GAAGuE,EAAE9B,EAAEwM,GAAGjP,EAAEsE,GAAG,GAAGC,EAAE9B,EAAEwM,GAAGjP,EAAEsE,EAAEpE,GAAGuC,EAAEwM,GAAG4D,MAAM,KAAK1S,IAAIA,EAAEmC,MAAMsN,KAAKsC,WAAWvH,MAAM,OAAO1K,EAAE6S,UAAU,WAAW,OAAO7S,GAAGA,EAAE0S,wBAAwB,WAAW,IAAI1S,EAAE,IAAI8C,MAAM,kCAAkC,OAAO9C,EAAEmD,KAAK,UAAUnD,GAAGA,EAAzrD,GAA8rDoE,UAAgB8N,UCA/hFY,EASAC,EAMAC,EAOAC,WAtBZ,SAAYH,GACVA,EAAAA,EAAA,IAAA,GAAA,MACAA,EAAAA,EAAA,QAAA,GAAA,UACAA,EAAAA,EAAA,SAAA,GAAA,WACAA,EAAAA,EAAA,UAAA,GAAA,YACAA,EAAAA,EAAA,SAAA,GAAA,WACAA,EAAAA,EAAA,OAAA,GAAA,SANF,CAAYA,IAAAA,EAOX,KAED,SAAYC,GACVA,EAAAA,EAAA,MAAA,GAAA,QACAA,EAAAA,EAAA,QAAA,GAAA,UACAA,EAAAA,EAAA,QAAA,GAAA,UAHF,CAAYA,IAAAA,EAIX,KAED,SAAYC,GACVA,EAAAA,EAAA,UAAA,GAAA,YACAA,EAAAA,EAAA,IAAA,GAAA,MACAA,EAAAA,EAAA,WAAA,GAAA,aACAA,EAAAA,EAAA,UAAA,GAAA,YAJF,CAAYA,IAAAA,EAKX,KAED,SAAYC,GACVA,EAAAA,EAAA,IAAA,GAAA,MACAA,EAAAA,EAAA,MAAA,GAAA,QACAA,EAAAA,EAAA,QAAA,GAAA,UAHF,CAAYA,IAAAA,EAIX,WClBYC,GAsCX7I,YAAY8I,GA/BL1J,KAAA2J,aAAetL,EAAO,IAAIrF,KAgC/BgH,KAAK4J,KAAOF,EAAQtD,KACpBpG,KAAK6J,QAAUH,EACf1J,KAAK8J,MAAQT,EAAaU,QAhC5BC,gBAAgBtQ,EAAMwJ,GAEpBlD,KAAK2J,aAAaxS,IAAIuC,EAAMwJ,GAG9B+G,eACEjK,KAAK2J,aAAanN,SAAQ,CAAC0N,EAAOxQ,KAChCsG,KAAK6J,QAAQM,aAAazQ,EAAMwQ,MAMhCzE,eACF,MAAO,CACL4D,EAAae,IACbf,EAAaU,QACbV,EAAagB,WACb9R,SAASyH,KAAK8J,OAGdQ,aACF,MAAO,CAACjB,EAAae,IAAKf,EAAaU,SAASxR,SAASyH,KAAK8J,OAG5DS,eACF,OAAOvK,KAAK8J,QAAUT,EAAamB,OASrCC,QACOzK,KAAKsK,SAGVtK,KAAK8J,MAAQT,EAAaU,QAC1B/J,KAAK6J,QAAQtB,KAAK,iBAAkBvI,OAGtC0K,WACO1K,KAAKsK,SAGVtK,KAAK8J,MAAQT,EAAaqB,SAC1B1K,KAAK6J,QAAQtB,KAAK,kBAAmBvI,OAGvC2K,YACO3K,KAAKuK,WACRvK,KAAK8J,MAAQT,EAAauB,SAC1B5K,KAAK6J,QAAQtB,KAAK,kBAAmBvI,OAIzCqK,YACOrK,KAAKyF,WAGVzF,KAAK8J,MAAQT,EAAagB,UAC1BrK,KAAK6J,QAAQtB,KAAK,mBAAoBvI,OAGxCwK,OAAOzF,GACA/E,KAAKyF,WAGVzF,KAAK6K,MAAQ9F,EACb/E,KAAK8J,MAAQT,EAAamB,OAC1BxK,KAAK6J,QAAQtB,KAAK,gBAAiBvI,cCtF1B8K,GAWXlK,YAAYsJ,EAAoBa,EAAWC,EAAUC,GACnDjL,KAAKgL,IAAMA,EACXhL,KAAK+K,KAAOA,EACZ/K,KAAKkK,MAAQA,EACblK,KAAKiL,KAAOA,EACZjL,KAAKwF,MAAQgE,EAAiBY,IACT,iBAATa,GAAuB,UAAWA,IAC5CjL,KAAKwF,MAAQyF,EAAKzF,OAIlBqE,cACF,OAAO7J,KAAKkK,MAAML,SCpBtB,MAAMqB,GAAe,CACnBC,cAAe,EACfC,QAAS,KACPF,GAAaC,eAAiB,EACvBD,GAAaC,gBAIlB,MAAOE,WAAwB5C,GACnC7H,YACEiJ,EACAnQ,EACA4L,GAEAuB,QA4DK7G,KAAWsL,YAAkB,IAAMJ,GAAaE,UA3DrDpL,KAAK6J,QAAUA,EACf7J,KAAKtG,KAAOA,EACZsG,KAAKuL,YAAclN,EAAO,IAAIrF,IAAI,KAClCgH,KAAKwL,WAAWlG,GAIRkG,WAAWlG,IACfA,eAAAA,EAASgG,eACXtL,KAAKsL,YAAchG,aAAA,EAAAA,EAASgG,cAE1BhG,eAAAA,EAASmG,iBACXzL,KAAKyL,cAAgBnG,aAAA,EAAAA,EAASmG,gBAE5BnG,eAAAA,EAASyF,OACX/K,KAAK0L,QAAQpG,aAAO,EAAPA,EAASyF,MAItBY,iBAKF,OAJI3L,KAAK6J,QAAQ+B,aAAe5L,KAAK6J,QAAQ+B,WAAWjC,aAAajG,OAAO1D,KAAKtG,QAC/ES,QAAQC,IAAI,cAAe4F,KAAKtG,KAAM,OAAQsG,KAAK6J,QAAQ+B,YAC3D5L,KAAK6J,QAAQ+B,WAAW5B,gBAAgBhK,KAAKtG,KAAM,IAAIV,IAAIgH,KAAKuL,YAAYrI,SAEvElD,KAAKuL,YAGVI,eAAWrF,GACbtG,KAAKuL,YAAcjF,EAGduF,QAAQ3I,GAIb,OAHAlD,KAAKuL,YAAYpI,SAAS,CAACL,OAAO,IAAO,KACvC9C,KAAKuL,YAAYxH,OAAOb,MAEnBlD,KAWT8L,SAASC,EAAsCC,GAC7C,IACEhM,KAAK6J,QAAQiC,SAASC,GACtB,MAAOhH,GACP,GAAIiH,EACF,OAAOA,EAAQjH,GAEf,MAAMA,EAGV,OAAO/E,KAKF0L,QAAQX,GACb,MAAMkB,EAAS,IAAIjT,IACnB,OAAOgH,KAAK8L,UACV,KACEf,EAAKvO,SAAS0P,IACZ,MAAMC,EAAenM,KAAKoM,UAAUF,GACpCD,EAAO9U,IAAIgV,EAAYnB,IAAKmB,EAAYpB,SAEnC,CAAEkB,aAEXlH,IAAQ,CACJ8F,MAAO9F,MAKLsH,gBAAgBC,EAAarB,GACrC,IAAIsB,EAAiBD,EAEjBtM,KAAKyL,gBACPc,EAAiBvM,KAAKyL,cAAczL,KAAMsM,IAI5C,IAAItB,EAEJ,GAHmBC,GAAyB,iBAATA,GAAuB,QAASA,EAIjED,EAAMC,eAAAA,EAAMD,QACP,KAAIhL,KAAKsL,YAOd,MAJAtL,KAAKuI,KAAK,QAAS,CACjBwD,OAAQ,kBACRjL,MAAO,CAACyL,EAAgBtB,KAEpB,IAAI5R,MAAM,2DANhB2R,EAAMhL,KAAKsL,YAAYtL,KAAMuM,EAAgBtB,GAS/C,OAAO,IAAIH,GAAY9K,KAAMuM,EAAgBvB,EAAKC,GAG7CuB,UAAUxB,GACf,OAAOhL,KAAK2L,WAAWjI,OAAOsH,GAGzBoB,UAAUE,EAAarB,GAC5B,MAAMwB,EAAKzM,KAAKqM,gBAAgBC,EAAQrB,GAElCyB,EAAW1M,KAAK2L,WAAW9J,IAAI4K,EAAGzB,KAGxC,OAFAhL,KAAKuI,KAAK,YAAakE,EAAIC,GAC3B1M,KAAK2L,WAAWxU,IAAIsV,EAAGzB,IAAKyB,GACrBA,EAGFE,UAAU3B,GACf,OAAOhL,KAAK2L,WAAW9J,IAAImJ,IC7HV,MAAA4B,WAAgBnE,GASnC7H,YAAYiM,EAAwBvH,GAClCuB,QATQ7G,KAAA8M,aAAezO,EAAO,IAEtB2B,KAAI4J,KAAG,EAEP5J,KAAM6M,OAAGxO,EAAO,IAAIrF,IAAI,KAExBgH,KAAK+M,MAAG1O,EAAO,IAAIrF,IAAI,KAI3B6T,GACFA,EAAOrQ,SAAQwQ,GAAOhN,KAAKiN,SAASD,KAElC1H,GAAStF,KAAKwL,WAAWlG,GAG/BkG,WAAW0B,IAGXC,WAKAhD,aAAazQ,EAAc0T,GACrBpN,KAAK6M,OAAOnJ,OAAOhK,IACrBsG,KAAK6M,OAAOhL,IAAInI,GAAMmS,QAAQuB,GAIlCtB,SAASvG,GACP,MAAMxB,EAAS,IAAI0F,GAAOzJ,MAC1BA,KAAK8M,aAAa1I,SAASL,GAC3BA,EAAO0G,QACP,IACElF,EAAGxB,GACCA,EAAO0B,UACT1B,EAAO2G,WAEL3G,EAAO0B,UACT1B,EAAOsG,YAEJtG,EAAOwG,UACVxG,EAAO4G,YAET,MAAOE,GACP9G,EAAOyG,OAAOK,GAEb9G,EAAOwG,UACRxG,EAAOkG,eAETjK,KAAK8M,aAAavJ,WAAWQ,GAS/BmG,MAAMxQ,EAAM4L,GAIV,OAHKtF,KAAK6M,OAAOnJ,OAAOhK,IACtBsG,KAAK6M,OAAO1V,IAAIuC,EAAM,IAAI2R,GAAgBrL,KAAMtG,EAAM4L,IAEjDtF,KAAK6M,OAAOhL,IAAInI,GAGrBkS,iBACF,OAAO5L,KAAK8M,aAAatI,SAGvB6I,UACF,OAAOrN,KAAK4J,KAGVxD,WAEF,OADApG,KAAK4J,MAAQ,EACN5J,KAAK4J,KAGNqD,SAASD,GACfhN,KAAK6M,OAAO1V,IAAI6V,EAAItT,KAAMsT,+CC3Ff,IAAM,IAAIJ"},"_coverageSchema":"1a1c01bbd47fc00a2c39e90264f33305004495a9","hash":"0521ddd269e4cd6d0f93d3d9d37b31fc7a0f014c","contentHash":"6854a1b8216a162a68887958779c046ec269a1620b9b96b4285fc3b78d19a8bc"}}